{"__type":"$$EventMessageAudit","id":"09703c31-611b-4241-a3c2-440ca146b95c","ts":"2026-04-13T17:53:00.821-04:00","eventName":"n8n.audit.workflow.executed","message":"n8n.audit.workflow.executed","payload":{"workflowId":"SOPDrUXzg9pm6Fp1","workflowName":"leetcode-notes-authorizer","executionId":"3","source":"webhook"}}
{"__type":"$$EventMessageConfirm","confirm":"09703c31-611b-4241-a3c2-440ca146b95c","ts":"2026-04-13T17:53:00.822-04:00","source":{"id":"0","name":"eventBus"}}
{"__type":"$$EventMessageWorkflow","id":"e9573f7d-89f5-4a30-96bf-ad4872c236c3","ts":"2026-04-13T17:53:00.822-04:00","eventName":"n8n.workflow.started","message":"n8n.workflow.started","payload":{"executionId":"3","workflowId":"SOPDrUXzg9pm6Fp1","isManual":false,"mode":"webhook","workflowName":"leetcode-notes-authorizer"}}
{"__type":"$$EventMessageConfirm","confirm":"e9573f7d-89f5-4a30-96bf-ad4872c236c3","ts":"2026-04-13T17:53:00.823-04:00","source":{"id":"0","name":"eventBus"}}
{"__type":"$$EventMessageNode","id":"cfabaeb7-0300-44c0-b016-fad9a6d9abb0","ts":"2026-04-13T17:53:00.823-04:00","eventName":"n8n.node.started","message":"n8n.node.started","payload":{"workflowId":"SOPDrUXzg9pm6Fp1","workflowName":"leetcode-notes-authorizer","executionId":"3","nodeType":"n8n-nodes-base.webhook","nodeName":"Webhook","nodeId":"95d65bb3-49f6-43d0-9c17-c5230c1a7eb8"}}
{"__type":"$$EventMessageConfirm","confirm":"cfabaeb7-0300-44c0-b016-fad9a6d9abb0","ts":"2026-04-13T17:53:00.823-04:00","source":{"id":"0","name":"eventBus"}}
{"__type":"$$EventMessageNode","id":"f66629ce-08e6-4ccf-a947-3609c77add38","ts":"2026-04-13T17:53:00.825-04:00","eventName":"n8n.node.finished","message":"n8n.node.finished","payload":{"workflowId":"SOPDrUXzg9pm6Fp1","workflowName":"leetcode-notes-authorizer","executionId":"3","nodeType":"n8n-nodes-base.webhook","nodeName":"Webhook","nodeId":"95d65bb3-49f6-43d0-9c17-c5230c1a7eb8"}}
{"__type":"$$EventMessageConfirm","confirm":"f66629ce-08e6-4ccf-a947-3609c77add38","ts":"2026-04-13T17:53:00.825-04:00","source":{"id":"0","name":"eventBus"}}
{"__type":"$$EventMessageNode","id":"af9d5983-bff7-4b06-a6c9-dadde60a7fbf","ts":"2026-04-13T17:53:00.825-04:00","eventName":"n8n.node.started","message":"n8n.node.started","payload":{"workflowId":"SOPDrUXzg9pm6Fp1","workflowName":"leetcode-notes-authorizer","executionId":"3","nodeType":"n8n-nodes-base.code","nodeName":"extract username1","nodeId":"48da22c5-d68d-4d30-8a2b-12080ad5dc4d"}}
{"__type":"$$EventMessageConfirm","confirm":"af9d5983-bff7-4b06-a6c9-dadde60a7fbf","ts":"2026-04-13T17:53:00.825-04:00","source":{"id":"0","name":"eventBus"}}
{"__type":"$$EventMessageRunner","id":"17663545-fa46-4404-9035-a2a01b15096a","ts":"2026-04-13T17:53:00.831-04:00","eventName":"n8n.runner.task.requested","message":"n8n.runner.task.requested","payload":{"taskId":"3231Sbh1","nodeId":"48da22c5-d68d-4d30-8a2b-12080ad5dc4d","workflowId":"SOPDrUXzg9pm6Fp1","executionId":"3"}}
{"__type":"$$EventMessageConfirm","confirm":"17663545-fa46-4404-9035-a2a01b15096a","ts":"2026-04-13T17:53:00.831-04:00","source":{"id":"0","name":"eventBus"}}
{"__type":"$$EventMessageRunner","id":"fdd3d968-513c-4870-a0c6-e9c0c93a7cbb","ts":"2026-04-13T17:53:00.889-04:00","eventName":"n8n.runner.response.received","message":"n8n.runner.response.received","payload":{"taskId":"3231Sbh1","nodeId":"48da22c5-d68d-4d30-8a2b-12080ad5dc4d","workflowId":"SOPDrUXzg9pm6Fp1","executionId":"3"}}
{"__type":"$$EventMessageConfirm","confirm":"fdd3d968-513c-4870-a0c6-e9c0c93a7cbb","ts":"2026-04-13T17:53:00.889-04:00","source":{"id":"0","name":"eventBus"}}
{"__type":"$$EventMessageNode","id":"327be749-44ba-4ab3-a1f5-d9cd328912fb","ts":"2026-04-13T17:53:00.890-04:00","eventName":"n8n.node.finished","message":"n8n.node.finished","payload":{"workflowId":"SOPDrUXzg9pm6Fp1","workflowName":"leetcode-notes-authorizer","executionId":"3","nodeType":"n8n-nodes-base.code","nodeName":"extract username1","nodeId":"48da22c5-d68d-4d30-8a2b-12080ad5dc4d"}}
{"__type":"$$EventMessageConfirm","confirm":"327be749-44ba-4ab3-a1f5-d9cd328912fb","ts":"2026-04-13T17:53:00.890-04:00","source":{"id":"0","name":"eventBus"}}
{"__type":"$$EventMessageNode","id":"d8e09102-a585-4495-bbeb-185c1f2e7a7c","ts":"2026-04-13T17:53:00.890-04:00","eventName":"n8n.node.started","message":"n8n.node.started","payload":{"workflowId":"SOPDrUXzg9pm6Fp1","workflowName":"leetcode-notes-authorizer","executionId":"3","nodeType":"n8n-nodes-base.github","nodeName":"Get a file1","nodeId":"8a30c70f-aedf-4f54-8fd6-9fd9ca33a4dd"}}
{"__type":"$$EventMessageConfirm","confirm":"d8e09102-a585-4495-bbeb-185c1f2e7a7c","ts":"2026-04-13T17:53:00.890-04:00","source":{"id":"0","name":"eventBus"}}
{"__type":"$$EventMessageNode","id":"5fd0fd8b-ba48-46ea-bd09-83d87fdf5b8f","ts":"2026-04-13T17:53:01.367-04:00","eventName":"n8n.node.finished","message":"n8n.node.finished","payload":{"workflowId":"SOPDrUXzg9pm6Fp1","workflowName":"leetcode-notes-authorizer","executionId":"3","nodeType":"n8n-nodes-base.github","nodeName":"Get a file1","nodeId":"8a30c70f-aedf-4f54-8fd6-9fd9ca33a4dd"}}
{"__type":"$$EventMessageConfirm","confirm":"5fd0fd8b-ba48-46ea-bd09-83d87fdf5b8f","ts":"2026-04-13T17:53:01.367-04:00","source":{"id":"0","name":"eventBus"}}
{"__type":"$$EventMessageNode","id":"c9cfb325-7a7d-4893-b25c-d78adfea4722","ts":"2026-04-13T17:53:01.367-04:00","eventName":"n8n.node.started","message":"n8n.node.started","payload":{"workflowId":"SOPDrUXzg9pm6Fp1","workflowName":"leetcode-notes-authorizer","executionId":"3","nodeType":"n8n-nodes-base.code","nodeName":"check status1","nodeId":"9007ff47-0853-483b-b72f-d1d623707a51"}}
{"__type":"$$EventMessageConfirm","confirm":"c9cfb325-7a7d-4893-b25c-d78adfea4722","ts":"2026-04-13T17:53:01.367-04:00","source":{"id":"0","name":"eventBus"}}
{"__type":"$$EventMessageRunner","id":"2951e1c3-02e8-483e-8d5b-595360b24264","ts":"2026-04-13T17:53:01.369-04:00","eventName":"n8n.runner.task.requested","message":"n8n.runner.task.requested","payload":{"taskId":"l86ccinc","nodeId":"9007ff47-0853-483b-b72f-d1d623707a51","workflowId":"SOPDrUXzg9pm6Fp1","executionId":"3"}}
{"__type":"$$EventMessageConfirm","confirm":"2951e1c3-02e8-483e-8d5b-595360b24264","ts":"2026-04-13T17:53:01.369-04:00","source":{"id":"0","name":"eventBus"}}
{"__type":"$$EventMessageRunner","id":"29accbd7-3cfe-41b2-93bd-71d2dcd098c2","ts":"2026-04-13T17:53:01.391-04:00","eventName":"n8n.runner.response.received","message":"n8n.runner.response.received","payload":{"taskId":"l86ccinc","nodeId":"9007ff47-0853-483b-b72f-d1d623707a51","workflowId":"SOPDrUXzg9pm6Fp1","executionId":"3"}}
{"__type":"$$EventMessageConfirm","confirm":"29accbd7-3cfe-41b2-93bd-71d2dcd098c2","ts":"2026-04-13T17:53:01.391-04:00","source":{"id":"0","name":"eventBus"}}
{"__type":"$$EventMessageNode","id":"0d8366aa-3f80-4fbb-ba82-f270ef12a4ce","ts":"2026-04-13T17:53:01.392-04:00","eventName":"n8n.node.finished","message":"n8n.node.finished","payload":{"workflowId":"SOPDrUXzg9pm6Fp1","workflowName":"leetcode-notes-authorizer","executionId":"3","nodeType":"n8n-nodes-base.code","nodeName":"check status1","nodeId":"9007ff47-0853-483b-b72f-d1d623707a51"}}
{"__type":"$$EventMessageConfirm","confirm":"0d8366aa-3f80-4fbb-ba82-f270ef12a4ce","ts":"2026-04-13T17:53:01.392-04:00","source":{"id":"0","name":"eventBus"}}
{"__type":"$$EventMessageNode","id":"62e3045c-10c3-4fc7-ba02-56d3a1faa0e6","ts":"2026-04-13T17:53:01.392-04:00","eventName":"n8n.node.started","message":"n8n.node.started","payload":{"workflowId":"SOPDrUXzg9pm6Fp1","workflowName":"leetcode-notes-authorizer","executionId":"3","nodeType":"n8n-nodes-base.if","nodeName":"If1","nodeId":"94c5d2ff-e472-4551-9b72-0b341b4b3ecc"}}
{"__type":"$$EventMessageConfirm","confirm":"62e3045c-10c3-4fc7-ba02-56d3a1faa0e6","ts":"2026-04-13T17:53:01.392-04:00","source":{"id":"0","name":"eventBus"}}
{"__type":"$$EventMessageNode","id":"966ff219-ce72-4e9a-a9fa-ae1ed0a18243","ts":"2026-04-13T17:53:01.397-04:00","eventName":"n8n.node.finished","message":"n8n.node.finished","payload":{"workflowId":"SOPDrUXzg9pm6Fp1","workflowName":"leetcode-notes-authorizer","executionId":"3","nodeType":"n8n-nodes-base.if","nodeName":"If1","nodeId":"94c5d2ff-e472-4551-9b72-0b341b4b3ecc"}}
{"__type":"$$EventMessageConfirm","confirm":"966ff219-ce72-4e9a-a9fa-ae1ed0a18243","ts":"2026-04-13T17:53:01.397-04:00","source":{"id":"0","name":"eventBus"}}
{"__type":"$$EventMessageNode","id":"50269c20-ca4b-43f4-91d3-c6e1d74d0a73","ts":"2026-04-13T17:53:01.398-04:00","eventName":"n8n.node.started","message":"n8n.node.started","payload":{"workflowId":"SOPDrUXzg9pm6Fp1","workflowName":"leetcode-notes-authorizer","executionId":"3","nodeType":"n8n-nodes-base.respondToWebhook","nodeName":"Respond to Webhook2","nodeId":"673f53d8-d130-47f3-9dd6-196d11542ebe"}}
{"__type":"$$EventMessageConfirm","confirm":"50269c20-ca4b-43f4-91d3-c6e1d74d0a73","ts":"2026-04-13T17:53:01.398-04:00","source":{"id":"0","name":"eventBus"}}
{"__type":"$$EventMessageNode","id":"7d8f90e2-8017-409a-9b90-e632eb8c483c","ts":"2026-04-13T17:53:01.411-04:00","eventName":"n8n.node.finished","message":"n8n.node.finished","payload":{"workflowId":"SOPDrUXzg9pm6Fp1","workflowName":"leetcode-notes-authorizer","executionId":"3","nodeType":"n8n-nodes-base.respondToWebhook","nodeName":"Respond to Webhook2","nodeId":"673f53d8-d130-47f3-9dd6-196d11542ebe"}}
{"__type":"$$EventMessageConfirm","confirm":"7d8f90e2-8017-409a-9b90-e632eb8c483c","ts":"2026-04-13T17:53:01.411-04:00","source":{"id":"0","name":"eventBus"}}
{"__type":"$$EventMessageNode","id":"9f61e2ab-60fc-44c6-82cf-efc9ee87f234","ts":"2026-04-13T17:53:01.412-04:00","eventName":"n8n.node.started","message":"n8n.node.started","payload":{"workflowId":"SOPDrUXzg9pm6Fp1","workflowName":"leetcode-notes-authorizer","executionId":"3","nodeType":"n8n-nodes-base.executeWorkflow","nodeName":"Call 'leetcode-notes-main'","nodeId":"a6ca5f61-331a-4b43-9a99-f0a1c9326b18"}}
{"__type":"$$EventMessageConfirm","confirm":"9f61e2ab-60fc-44c6-82cf-efc9ee87f234","ts":"2026-04-13T17:53:01.412-04:00","source":{"id":"0","name":"eventBus"}}
{"__type":"$$EventMessageAudit","id":"2e9b7d70-e392-42e4-a250-62f85c9d3ae5","ts":"2026-04-13T17:53:01.440-04:00","eventName":"n8n.audit.workflow.executed","message":"n8n.audit.workflow.executed","payload":{"workflowId":"5W1RTYk42GHSHGb7","workflowName":"leetcode-notes-main","executionId":"4","source":"integrated"}}
{"__type":"$$EventMessageConfirm","confirm":"2e9b7d70-e392-42e4-a250-62f85c9d3ae5","ts":"2026-04-13T17:53:01.440-04:00","source":{"id":"0","name":"eventBus"}}
{"__type":"$$EventMessageWorkflow","id":"de2320b7-edfc-4771-b17c-ebd840337205","ts":"2026-04-13T17:53:01.451-04:00","eventName":"n8n.workflow.started","message":"n8n.workflow.started","payload":{"executionId":"4","workflowId":"5W1RTYk42GHSHGb7","isManual":false,"mode":"integrated","workflowName":"leetcode-notes-main"}}
{"__type":"$$EventMessageConfirm","confirm":"de2320b7-edfc-4771-b17c-ebd840337205","ts":"2026-04-13T17:53:01.451-04:00","source":{"id":"0","name":"eventBus"}}
{"__type":"$$EventMessageNode","id":"00dcc968-23d3-45e2-9671-a2dd3c8c2e97","ts":"2026-04-13T17:53:01.451-04:00","eventName":"n8n.node.started","message":"n8n.node.started","payload":{"workflowId":"5W1RTYk42GHSHGb7","workflowName":"leetcode-notes-main","executionId":"4","nodeType":"n8n-nodes-base.executeWorkflowTrigger","nodeName":"When Executed by Another Workflow","nodeId":"e6fd35b1-4900-48c3-9523-350538d4c19f"}}
{"__type":"$$EventMessageConfirm","confirm":"00dcc968-23d3-45e2-9671-a2dd3c8c2e97","ts":"2026-04-13T17:53:01.451-04:00","source":{"id":"0","name":"eventBus"}}
{"__type":"$$EventMessageNode","id":"bf029247-ead7-4752-a8ff-adeee4c7d446","ts":"2026-04-13T17:53:01.452-04:00","eventName":"n8n.node.finished","message":"n8n.node.finished","payload":{"workflowId":"5W1RTYk42GHSHGb7","workflowName":"leetcode-notes-main","executionId":"4","nodeType":"n8n-nodes-base.executeWorkflowTrigger","nodeName":"When Executed by Another Workflow","nodeId":"e6fd35b1-4900-48c3-9523-350538d4c19f"}}
{"__type":"$$EventMessageConfirm","confirm":"bf029247-ead7-4752-a8ff-adeee4c7d446","ts":"2026-04-13T17:53:01.452-04:00","source":{"id":"0","name":"eventBus"}}
{"__type":"$$EventMessageNode","id":"29b9b1e9-6892-448f-b8e0-07a23ca397eb","ts":"2026-04-13T17:53:01.452-04:00","eventName":"n8n.node.started","message":"n8n.node.started","payload":{"workflowId":"5W1RTYk42GHSHGb7","workflowName":"leetcode-notes-main","executionId":"4","nodeType":"n8n-nodes-base.github","nodeName":"Get a file1","nodeId":"4402893a-45df-47c9-b6a4-faa2a02fc546"}}
{"__type":"$$EventMessageConfirm","confirm":"29b9b1e9-6892-448f-b8e0-07a23ca397eb","ts":"2026-04-13T17:53:01.453-04:00","source":{"id":"0","name":"eventBus"}}
{"__type":"$$EventMessageNode","id":"9f15b593-8fbd-417d-ba42-3fa3fe75c9c1","ts":"2026-04-13T17:53:01.871-04:00","eventName":"n8n.node.finished","message":"n8n.node.finished","payload":{"workflowId":"5W1RTYk42GHSHGb7","workflowName":"leetcode-notes-main","executionId":"4","nodeType":"n8n-nodes-base.github","nodeName":"Get a file1","nodeId":"4402893a-45df-47c9-b6a4-faa2a02fc546"}}
{"__type":"$$EventMessageConfirm","confirm":"9f15b593-8fbd-417d-ba42-3fa3fe75c9c1","ts":"2026-04-13T17:53:01.872-04:00","source":{"id":"0","name":"eventBus"}}
{"__type":"$$EventMessageNode","id":"e2135f6b-61d0-4259-bcae-9d3624d081c5","ts":"2026-04-13T17:53:01.872-04:00","eventName":"n8n.node.started","message":"n8n.node.started","payload":{"workflowId":"5W1RTYk42GHSHGb7","workflowName":"leetcode-notes-main","executionId":"4","nodeType":"n8n-nodes-base.code","nodeName":"decode Base64","nodeId":"24fd7398-95d9-4b08-af4e-3d4479d3a3f3"}}
{"__type":"$$EventMessageConfirm","confirm":"e2135f6b-61d0-4259-bcae-9d3624d081c5","ts":"2026-04-13T17:53:01.872-04:00","source":{"id":"0","name":"eventBus"}}
{"__type":"$$EventMessageRunner","id":"800d0b4c-d925-4817-946d-d1eb2fdb9d8c","ts":"2026-04-13T17:53:01.874-04:00","eventName":"n8n.runner.task.requested","message":"n8n.runner.task.requested","payload":{"taskId":"COlG1tPS","nodeId":"24fd7398-95d9-4b08-af4e-3d4479d3a3f3","workflowId":"5W1RTYk42GHSHGb7","executionId":"4"}}
{"__type":"$$EventMessageConfirm","confirm":"800d0b4c-d925-4817-946d-d1eb2fdb9d8c","ts":"2026-04-13T17:53:01.874-04:00","source":{"id":"0","name":"eventBus"}}
{"__type":"$$EventMessageRunner","id":"1426a974-e92f-4154-8a33-c65c996e3b0e","ts":"2026-04-13T17:53:01.895-04:00","eventName":"n8n.runner.response.received","message":"n8n.runner.response.received","payload":{"taskId":"COlG1tPS","nodeId":"24fd7398-95d9-4b08-af4e-3d4479d3a3f3","workflowId":"5W1RTYk42GHSHGb7","executionId":"4"}}
{"__type":"$$EventMessageConfirm","confirm":"1426a974-e92f-4154-8a33-c65c996e3b0e","ts":"2026-04-13T17:53:01.895-04:00","source":{"id":"0","name":"eventBus"}}
{"__type":"$$EventMessageNode","id":"1b28c188-aaa6-4954-8eb5-83b9a12aa315","ts":"2026-04-13T17:53:01.896-04:00","eventName":"n8n.node.finished","message":"n8n.node.finished","payload":{"workflowId":"5W1RTYk42GHSHGb7","workflowName":"leetcode-notes-main","executionId":"4","nodeType":"n8n-nodes-base.code","nodeName":"decode Base64","nodeId":"24fd7398-95d9-4b08-af4e-3d4479d3a3f3"}}
{"__type":"$$EventMessageConfirm","confirm":"1b28c188-aaa6-4954-8eb5-83b9a12aa315","ts":"2026-04-13T17:53:01.896-04:00","source":{"id":"0","name":"eventBus"}}
{"__type":"$$EventMessageNode","id":"dc3770fa-128b-4c09-be3a-aed763d2b257","ts":"2026-04-13T17:53:01.897-04:00","eventName":"n8n.node.started","message":"n8n.node.started","payload":{"workflowId":"5W1RTYk42GHSHGb7","workflowName":"leetcode-notes-main","executionId":"4","nodeType":"n8n-nodes-base.code","nodeName":"split-per-user1","nodeId":"0f3f958e-eed5-4cc6-9fab-30e14fe6b7df"}}
{"__type":"$$EventMessageConfirm","confirm":"dc3770fa-128b-4c09-be3a-aed763d2b257","ts":"2026-04-13T17:53:01.897-04:00","source":{"id":"0","name":"eventBus"}}
{"__type":"$$EventMessageRunner","id":"32693438-6de6-4180-be96-58472cf4e612","ts":"2026-04-13T17:53:01.898-04:00","eventName":"n8n.runner.task.requested","message":"n8n.runner.task.requested","payload":{"taskId":"B9eHlQi0","nodeId":"0f3f958e-eed5-4cc6-9fab-30e14fe6b7df","workflowId":"5W1RTYk42GHSHGb7","executionId":"4"}}
{"__type":"$$EventMessageConfirm","confirm":"32693438-6de6-4180-be96-58472cf4e612","ts":"2026-04-13T17:53:01.899-04:00","source":{"id":"0","name":"eventBus"}}
{"__type":"$$EventMessageRunner","id":"a1b5c976-016f-4626-a15a-34627f4f2431","ts":"2026-04-13T17:53:01.912-04:00","eventName":"n8n.runner.response.received","message":"n8n.runner.response.received","payload":{"taskId":"B9eHlQi0","nodeId":"0f3f958e-eed5-4cc6-9fab-30e14fe6b7df","workflowId":"5W1RTYk42GHSHGb7","executionId":"4"}}
{"__type":"$$EventMessageConfirm","confirm":"a1b5c976-016f-4626-a15a-34627f4f2431","ts":"2026-04-13T17:53:01.912-04:00","source":{"id":"0","name":"eventBus"}}
{"__type":"$$EventMessageNode","id":"51835917-d1db-4f1b-b06f-11ce75dc054e","ts":"2026-04-13T17:53:01.912-04:00","eventName":"n8n.node.finished","message":"n8n.node.finished","payload":{"workflowId":"5W1RTYk42GHSHGb7","workflowName":"leetcode-notes-main","executionId":"4","nodeType":"n8n-nodes-base.code","nodeName":"split-per-user1","nodeId":"0f3f958e-eed5-4cc6-9fab-30e14fe6b7df"}}
{"__type":"$$EventMessageConfirm","confirm":"51835917-d1db-4f1b-b06f-11ce75dc054e","ts":"2026-04-13T17:53:01.913-04:00","source":{"id":"0","name":"eventBus"}}
{"__type":"$$EventMessageNode","id":"7593b20b-c74c-4131-8eea-893f6ab702fe","ts":"2026-04-13T17:53:01.913-04:00","eventName":"n8n.node.started","message":"n8n.node.started","payload":{"workflowId":"5W1RTYk42GHSHGb7","workflowName":"leetcode-notes-main","executionId":"4","nodeType":"n8n-nodes-base.httpRequest","nodeName":"graphql-recentAC1","nodeId":"da0d383d-8c95-45e2-9ff8-8126ea22d8be"}}
{"__type":"$$EventMessageConfirm","confirm":"7593b20b-c74c-4131-8eea-893f6ab702fe","ts":"2026-04-13T17:53:01.913-04:00","source":{"id":"0","name":"eventBus"}}
{"__type":"$$EventMessageNode","id":"b538f19e-ffbc-4134-8b50-039b0417e863","ts":"2026-04-13T17:53:03.186-04:00","eventName":"n8n.node.finished","message":"n8n.node.finished","payload":{"workflowId":"5W1RTYk42GHSHGb7","workflowName":"leetcode-notes-main","executionId":"4","nodeType":"n8n-nodes-base.httpRequest","nodeName":"graphql-recentAC1","nodeId":"da0d383d-8c95-45e2-9ff8-8126ea22d8be"}}
{"__type":"$$EventMessageConfirm","confirm":"b538f19e-ffbc-4134-8b50-039b0417e863","ts":"2026-04-13T17:53:03.186-04:00","source":{"id":"0","name":"eventBus"}}
{"__type":"$$EventMessageNode","id":"d536bf91-0a4f-40df-8b33-3b4976363edb","ts":"2026-04-13T17:53:03.186-04:00","eventName":"n8n.node.started","message":"n8n.node.started","payload":{"workflowId":"5W1RTYk42GHSHGb7","workflowName":"leetcode-notes-main","executionId":"4","nodeType":"n8n-nodes-base.filter","nodeName":"Filter1","nodeId":"faf1f163-3f79-4aef-be68-709952aadda6"}}
{"__type":"$$EventMessageConfirm","confirm":"d536bf91-0a4f-40df-8b33-3b4976363edb","ts":"2026-04-13T17:53:03.187-04:00","source":{"id":"0","name":"eventBus"}}
{"__type":"$$EventMessageNode","id":"2835b4da-c889-4d15-a206-b4fb0fc09fc5","ts":"2026-04-13T17:53:03.194-04:00","eventName":"n8n.node.finished","message":"n8n.node.finished","payload":{"workflowId":"5W1RTYk42GHSHGb7","workflowName":"leetcode-notes-main","executionId":"4","nodeType":"n8n-nodes-base.filter","nodeName":"Filter1","nodeId":"faf1f163-3f79-4aef-be68-709952aadda6"}}
{"__type":"$$EventMessageConfirm","confirm":"2835b4da-c889-4d15-a206-b4fb0fc09fc5","ts":"2026-04-13T17:53:03.194-04:00","source":{"id":"0","name":"eventBus"}}
{"__type":"$$EventMessageNode","id":"f444e11a-2c23-41ed-b1e3-fd0a9a0b550d","ts":"2026-04-13T17:53:03.195-04:00","eventName":"n8n.node.started","message":"n8n.node.started","payload":{"workflowId":"5W1RTYk42GHSHGb7","workflowName":"leetcode-notes-main","executionId":"4","nodeType":"n8n-nodes-base.code","nodeName":"filter-by-hour1","nodeId":"ddda32fc-879a-49fd-bff9-f684bc3c335f"}}
{"__type":"$$EventMessageConfirm","confirm":"f444e11a-2c23-41ed-b1e3-fd0a9a0b550d","ts":"2026-04-13T17:53:03.195-04:00","source":{"id":"0","name":"eventBus"}}
{"__type":"$$EventMessageRunner","id":"28a5def3-ca58-479e-81cc-3fb6a2a78a54","ts":"2026-04-13T17:53:03.196-04:00","eventName":"n8n.runner.task.requested","message":"n8n.runner.task.requested","payload":{"taskId":"rTDunPKQ","nodeId":"ddda32fc-879a-49fd-bff9-f684bc3c335f","workflowId":"5W1RTYk42GHSHGb7","executionId":"4"}}
{"__type":"$$EventMessageConfirm","confirm":"28a5def3-ca58-479e-81cc-3fb6a2a78a54","ts":"2026-04-13T17:53:03.196-04:00","source":{"id":"0","name":"eventBus"}}
{"__type":"$$EventMessageRunner","id":"2cf5c6f3-22e0-4407-b31a-a51b6404bea9","ts":"2026-04-13T17:53:03.212-04:00","eventName":"n8n.runner.response.received","message":"n8n.runner.response.received","payload":{"taskId":"rTDunPKQ","nodeId":"ddda32fc-879a-49fd-bff9-f684bc3c335f","workflowId":"5W1RTYk42GHSHGb7","executionId":"4"}}
{"__type":"$$EventMessageConfirm","confirm":"2cf5c6f3-22e0-4407-b31a-a51b6404bea9","ts":"2026-04-13T17:53:03.212-04:00","source":{"id":"0","name":"eventBus"}}
{"__type":"$$EventMessageNode","id":"bdd3e2a3-50ed-44c7-973c-57f4cdaf5273","ts":"2026-04-13T17:53:03.213-04:00","eventName":"n8n.node.finished","message":"n8n.node.finished","payload":{"workflowId":"5W1RTYk42GHSHGb7","workflowName":"leetcode-notes-main","executionId":"4","nodeType":"n8n-nodes-base.code","nodeName":"filter-by-hour1","nodeId":"ddda32fc-879a-49fd-bff9-f684bc3c335f"}}
{"__type":"$$EventMessageConfirm","confirm":"bdd3e2a3-50ed-44c7-973c-57f4cdaf5273","ts":"2026-04-13T17:53:03.213-04:00","source":{"id":"0","name":"eventBus"}}
{"__type":"$$EventMessageNode","id":"5ee06077-a0cf-46c6-bdb5-d8f9e5efcf0c","ts":"2026-04-13T17:53:03.213-04:00","eventName":"n8n.node.started","message":"n8n.node.started","payload":{"workflowId":"5W1RTYk42GHSHGb7","workflowName":"leetcode-notes-main","executionId":"4","nodeType":"n8n-nodes-base.code","nodeName":"add-metadata1","nodeId":"e214777f-d048-4a3c-bd56-5b9a940bd1ce"}}
{"__type":"$$EventMessageConfirm","confirm":"5ee06077-a0cf-46c6-bdb5-d8f9e5efcf0c","ts":"2026-04-13T17:53:03.213-04:00","source":{"id":"0","name":"eventBus"}}
{"__type":"$$EventMessageRunner","id":"02e48b8e-c99c-4d89-b426-18f65b2156b8","ts":"2026-04-13T17:53:03.214-04:00","eventName":"n8n.runner.task.requested","message":"n8n.runner.task.requested","payload":{"taskId":"Zq0Vl8h1","nodeId":"e214777f-d048-4a3c-bd56-5b9a940bd1ce","workflowId":"5W1RTYk42GHSHGb7","executionId":"4"}}
{"__type":"$$EventMessageConfirm","confirm":"02e48b8e-c99c-4d89-b426-18f65b2156b8","ts":"2026-04-13T17:53:03.214-04:00","source":{"id":"0","name":"eventBus"}}
{"__type":"$$EventMessageRunner","id":"9a384182-2312-4eb6-94b0-f1d521bf84c3","ts":"2026-04-13T17:53:03.224-04:00","eventName":"n8n.runner.response.received","message":"n8n.runner.response.received","payload":{"taskId":"Zq0Vl8h1","nodeId":"e214777f-d048-4a3c-bd56-5b9a940bd1ce","workflowId":"5W1RTYk42GHSHGb7","executionId":"4"}}
{"__type":"$$EventMessageConfirm","confirm":"9a384182-2312-4eb6-94b0-f1d521bf84c3","ts":"2026-04-13T17:53:03.224-04:00","source":{"id":"0","name":"eventBus"}}
{"__type":"$$EventMessageNode","id":"984a37af-86d4-4706-9d86-49f5f399608f","ts":"2026-04-13T17:53:03.225-04:00","eventName":"n8n.node.finished","message":"n8n.node.finished","payload":{"workflowId":"5W1RTYk42GHSHGb7","workflowName":"leetcode-notes-main","executionId":"4","nodeType":"n8n-nodes-base.code","nodeName":"add-metadata1","nodeId":"e214777f-d048-4a3c-bd56-5b9a940bd1ce"}}
{"__type":"$$EventMessageConfirm","confirm":"984a37af-86d4-4706-9d86-49f5f399608f","ts":"2026-04-13T17:53:03.225-04:00","source":{"id":"0","name":"eventBus"}}
{"__type":"$$EventMessageNode","id":"0fa48747-4f98-471d-8c7d-20216b0b2bd4","ts":"2026-04-13T17:53:03.225-04:00","eventName":"n8n.node.started","message":"n8n.node.started","payload":{"workflowId":"5W1RTYk42GHSHGb7","workflowName":"leetcode-notes-main","executionId":"4","nodeType":"n8n-nodes-base.httpRequest","nodeName":"graphql-RecentCode1","nodeId":"08b68a3a-d21a-48a6-8801-0035b60ab7a6"}}
{"__type":"$$EventMessageConfirm","confirm":"0fa48747-4f98-471d-8c7d-20216b0b2bd4","ts":"2026-04-13T17:53:03.225-04:00","source":{"id":"0","name":"eventBus"}}
{"__type":"$$EventMessageNode","id":"e7c184e9-6601-4d43-b540-ebf19639bdce","ts":"2026-04-13T17:53:03.627-04:00","eventName":"n8n.node.finished","message":"n8n.node.finished","payload":{"workflowId":"5W1RTYk42GHSHGb7","workflowName":"leetcode-notes-main","executionId":"4","nodeType":"n8n-nodes-base.httpRequest","nodeName":"graphql-RecentCode1","nodeId":"08b68a3a-d21a-48a6-8801-0035b60ab7a6"}}
{"__type":"$$EventMessageConfirm","confirm":"e7c184e9-6601-4d43-b540-ebf19639bdce","ts":"2026-04-13T17:53:03.627-04:00","source":{"id":"0","name":"eventBus"}}
{"__type":"$$EventMessageWorkflow","id":"d883e82c-dbd9-4b3d-b8ee-dd9c9faf7408","ts":"2026-04-13T17:53:03.629-04:00","eventName":"n8n.workflow.failed","message":"n8n.workflow.failed","payload":{"executionId":"4","success":false,"isManual":false,"mode":"integrated","workflowId":"5W1RTYk42GHSHGb7","workflowName":"leetcode-notes-main","lastNodeExecuted":"graphql-RecentCode1","errorNodeType":"n8n-nodes-base.httpRequest","errorMessage":"Bad request - please check your parameters"}}
{"__type":"$$EventMessageConfirm","confirm":"d883e82c-dbd9-4b3d-b8ee-dd9c9faf7408","ts":"2026-04-13T17:53:03.630-04:00","source":{"id":"0","name":"eventBus"}}
{"__type":"$$EventMessageNode","id":"70e43124-364f-4169-b522-b4f631d9c23b","ts":"2026-04-13T17:53:03.663-04:00","eventName":"n8n.node.finished","message":"n8n.node.finished","payload":{"workflowId":"SOPDrUXzg9pm6Fp1","workflowName":"leetcode-notes-authorizer","executionId":"3","nodeType":"n8n-nodes-base.executeWorkflow","nodeName":"Call 'leetcode-notes-main'","nodeId":"a6ca5f61-331a-4b43-9a99-f0a1c9326b18"}}
{"__type":"$$EventMessageConfirm","confirm":"70e43124-364f-4169-b522-b4f631d9c23b","ts":"2026-04-13T17:53:03.663-04:00","source":{"id":"0","name":"eventBus"}}
{"__type":"$$EventMessageWorkflow","id":"2456a913-7fa3-448d-9b7e-83e0b6a60080","ts":"2026-04-13T17:53:03.664-04:00","eventName":"n8n.workflow.failed","message":"n8n.workflow.failed","payload":{"executionId":"3","success":false,"isManual":false,"mode":"webhook","workflowId":"SOPDrUXzg9pm6Fp1","workflowName":"leetcode-notes-authorizer","lastNodeExecuted":"Call 'leetcode-notes-main'","errorNodeType":"n8n-nodes-base.httpRequest","errorMessage":"Bad request - please check your parameters"}}
{"__type":"$$EventMessageConfirm","confirm":"2456a913-7fa3-448d-9b7e-83e0b6a60080","ts":"2026-04-13T17:53:03.664-04:00","source":{"id":"0","name":"eventBus"}}
{"__type":"$$EventMessageAudit","id":"5aadef3a-39af-4294-b531-5d0e7e5ace0a","ts":"2026-04-13T17:53:16.733-04:00","eventName":"n8n.audit.workflow.executed","message":"n8n.audit.workflow.executed","payload":{"workflowId":"SOPDrUXzg9pm6Fp1","workflowName":"leetcode-notes-authorizer","executionId":"5","source":"webhook"}}
{"__type":"$$EventMessageConfirm","confirm":"5aadef3a-39af-4294-b531-5d0e7e5ace0a","ts":"2026-04-13T17:53:16.733-04:00","source":{"id":"0","name":"eventBus"}}
{"__type":"$$EventMessageWorkflow","id":"a244db20-eb86-4630-a86a-5cfd2143bf26","ts":"2026-04-13T17:53:16.734-04:00","eventName":"n8n.workflow.started","message":"n8n.workflow.started","payload":{"executionId":"5","workflowId":"SOPDrUXzg9pm6Fp1","isManual":false,"mode":"webhook","workflowName":"leetcode-notes-authorizer"}}
{"__type":"$$EventMessageConfirm","confirm":"a244db20-eb86-4630-a86a-5cfd2143bf26","ts":"2026-04-13T17:53:16.734-04:00","source":{"id":"0","name":"eventBus"}}
{"__type":"$$EventMessageNode","id":"300f129e-afc8-46b1-8160-6a0d5434345c","ts":"2026-04-13T17:53:16.734-04:00","eventName":"n8n.node.started","message":"n8n.node.started","payload":{"workflowId":"SOPDrUXzg9pm6Fp1","workflowName":"leetcode-notes-authorizer","executionId":"5","nodeType":"n8n-nodes-base.webhook","nodeName":"Webhook","nodeId":"95d65bb3-49f6-43d0-9c17-c5230c1a7eb8"}}
{"__type":"$$EventMessageConfirm","confirm":"300f129e-afc8-46b1-8160-6a0d5434345c","ts":"2026-04-13T17:53:16.734-04:00","source":{"id":"0","name":"eventBus"}}
{"__type":"$$EventMessageNode","id":"b7ad48be-6cb7-4f40-98a4-b5df87350289","ts":"2026-04-13T17:53:16.734-04:00","eventName":"n8n.node.finished","message":"n8n.node.finished","payload":{"workflowId":"SOPDrUXzg9pm6Fp1","workflowName":"leetcode-notes-authorizer","executionId":"5","nodeType":"n8n-nodes-base.webhook","nodeName":"Webhook","nodeId":"95d65bb3-49f6-43d0-9c17-c5230c1a7eb8"}}
{"__type":"$$EventMessageConfirm","confirm":"b7ad48be-6cb7-4f40-98a4-b5df87350289","ts":"2026-04-13T17:53:16.734-04:00","source":{"id":"0","name":"eventBus"}}
{"__type":"$$EventMessageNode","id":"0c3023cd-487b-4772-887e-d42265d96f84","ts":"2026-04-13T17:53:16.734-04:00","eventName":"n8n.node.started","message":"n8n.node.started","payload":{"workflowId":"SOPDrUXzg9pm6Fp1","workflowName":"leetcode-notes-authorizer","executionId":"5","nodeType":"n8n-nodes-base.code","nodeName":"extract username1","nodeId":"48da22c5-d68d-4d30-8a2b-12080ad5dc4d"}}
{"__type":"$$EventMessageConfirm","confirm":"0c3023cd-487b-4772-887e-d42265d96f84","ts":"2026-04-13T17:53:16.734-04:00","source":{"id":"0","name":"eventBus"}}
{"__type":"$$EventMessageRunner","id":"7dee5879-4ce3-4d63-a5f2-def68f06bfc9","ts":"2026-04-13T17:53:16.736-04:00","eventName":"n8n.runner.task.requested","message":"n8n.runner.task.requested","payload":{"taskId":"LdbZiASo","nodeId":"48da22c5-d68d-4d30-8a2b-12080ad5dc4d","workflowId":"SOPDrUXzg9pm6Fp1","executionId":"5"}}
{"__type":"$$EventMessageConfirm","confirm":"7dee5879-4ce3-4d63-a5f2-def68f06bfc9","ts":"2026-04-13T17:53:16.736-04:00","source":{"id":"0","name":"eventBus"}}
{"__type":"$$EventMessageRunner","id":"89332188-7986-45bf-82b9-ba03b46a9a73","ts":"2026-04-13T17:53:16.742-04:00","eventName":"n8n.runner.response.received","message":"n8n.runner.response.received","payload":{"taskId":"LdbZiASo","nodeId":"48da22c5-d68d-4d30-8a2b-12080ad5dc4d","workflowId":"SOPDrUXzg9pm6Fp1","executionId":"5"}}
{"__type":"$$EventMessageConfirm","confirm":"89332188-7986-45bf-82b9-ba03b46a9a73","ts":"2026-04-13T17:53:16.742-04:00","source":{"id":"0","name":"eventBus"}}
{"__type":"$$EventMessageNode","id":"11438c48-4e25-4382-9d9b-bcba6b130d0e","ts":"2026-04-13T17:53:16.742-04:00","eventName":"n8n.node.finished","message":"n8n.node.finished","payload":{"workflowId":"SOPDrUXzg9pm6Fp1","workflowName":"leetcode-notes-authorizer","executionId":"5","nodeType":"n8n-nodes-base.code","nodeName":"extract username1","nodeId":"48da22c5-d68d-4d30-8a2b-12080ad5dc4d"}}
{"__type":"$$EventMessageConfirm","confirm":"11438c48-4e25-4382-9d9b-bcba6b130d0e","ts":"2026-04-13T17:53:16.742-04:00","source":{"id":"0","name":"eventBus"}}
{"__type":"$$EventMessageNode","id":"79471a00-aa84-4d6d-b8ea-8404ca6882d7","ts":"2026-04-13T17:53:16.742-04:00","eventName":"n8n.node.started","message":"n8n.node.started","payload":{"workflowId":"SOPDrUXzg9pm6Fp1","workflowName":"leetcode-notes-authorizer","executionId":"5","nodeType":"n8n-nodes-base.github","nodeName":"Get a file1","nodeId":"8a30c70f-aedf-4f54-8fd6-9fd9ca33a4dd"}}
{"__type":"$$EventMessageConfirm","confirm":"79471a00-aa84-4d6d-b8ea-8404ca6882d7","ts":"2026-04-13T17:53:16.742-04:00","source":{"id":"0","name":"eventBus"}}
{"__type":"$$EventMessageNode","id":"baffd6bc-3b8d-41d6-8499-a1ae1cd2b1fb","ts":"2026-04-13T17:53:17.204-04:00","eventName":"n8n.node.finished","message":"n8n.node.finished","payload":{"workflowId":"SOPDrUXzg9pm6Fp1","workflowName":"leetcode-notes-authorizer","executionId":"5","nodeType":"n8n-nodes-base.github","nodeName":"Get a file1","nodeId":"8a30c70f-aedf-4f54-8fd6-9fd9ca33a4dd"}}
{"__type":"$$EventMessageConfirm","confirm":"baffd6bc-3b8d-41d6-8499-a1ae1cd2b1fb","ts":"2026-04-13T17:53:17.204-04:00","source":{"id":"0","name":"eventBus"}}
{"__type":"$$EventMessageNode","id":"74b12c63-ad06-48c9-ba5e-2c5e50c2008d","ts":"2026-04-13T17:53:17.204-04:00","eventName":"n8n.node.started","message":"n8n.node.started","payload":{"workflowId":"SOPDrUXzg9pm6Fp1","workflowName":"leetcode-notes-authorizer","executionId":"5","nodeType":"n8n-nodes-base.code","nodeName":"check status1","nodeId":"9007ff47-0853-483b-b72f-d1d623707a51"}}
{"__type":"$$EventMessageConfirm","confirm":"74b12c63-ad06-48c9-ba5e-2c5e50c2008d","ts":"2026-04-13T17:53:17.204-04:00","source":{"id":"0","name":"eventBus"}}
{"__type":"$$EventMessageRunner","id":"fbb4423e-d8c0-498c-96c3-a4cf5096b578","ts":"2026-04-13T17:53:17.206-04:00","eventName":"n8n.runner.task.requested","message":"n8n.runner.task.requested","payload":{"taskId":"0eHcF2XN","nodeId":"9007ff47-0853-483b-b72f-d1d623707a51","workflowId":"SOPDrUXzg9pm6Fp1","executionId":"5"}}
{"__type":"$$EventMessageConfirm","confirm":"fbb4423e-d8c0-498c-96c3-a4cf5096b578","ts":"2026-04-13T17:53:17.206-04:00","source":{"id":"0","name":"eventBus"}}
{"__type":"$$EventMessageRunner","id":"cacd6a2c-c23b-4852-8a1d-e0162dee27a0","ts":"2026-04-13T17:53:17.215-04:00","eventName":"n8n.runner.response.received","message":"n8n.runner.response.received","payload":{"taskId":"0eHcF2XN","nodeId":"9007ff47-0853-483b-b72f-d1d623707a51","workflowId":"SOPDrUXzg9pm6Fp1","executionId":"5"}}
{"__type":"$$EventMessageConfirm","confirm":"cacd6a2c-c23b-4852-8a1d-e0162dee27a0","ts":"2026-04-13T17:53:17.215-04:00","source":{"id":"0","name":"eventBus"}}
{"__type":"$$EventMessageNode","id":"7d13ff73-5147-418c-8ba1-4db9ddd9ff04","ts":"2026-04-13T17:53:17.215-04:00","eventName":"n8n.node.finished","message":"n8n.node.finished","payload":{"workflowId":"SOPDrUXzg9pm6Fp1","workflowName":"leetcode-notes-authorizer","executionId":"5","nodeType":"n8n-nodes-base.code","nodeName":"check status1","nodeId":"9007ff47-0853-483b-b72f-d1d623707a51"}}
{"__type":"$$EventMessageConfirm","confirm":"7d13ff73-5147-418c-8ba1-4db9ddd9ff04","ts":"2026-04-13T17:53:17.216-04:00","source":{"id":"0","name":"eventBus"}}
{"__type":"$$EventMessageNode","id":"63ee10b0-ddc8-4258-96ce-afd63b97a017","ts":"2026-04-13T17:53:17.216-04:00","eventName":"n8n.node.started","message":"n8n.node.started","payload":{"workflowId":"SOPDrUXzg9pm6Fp1","workflowName":"leetcode-notes-authorizer","executionId":"5","nodeType":"n8n-nodes-base.if","nodeName":"If1","nodeId":"94c5d2ff-e472-4551-9b72-0b341b4b3ecc"}}
{"__type":"$$EventMessageConfirm","confirm":"63ee10b0-ddc8-4258-96ce-afd63b97a017","ts":"2026-04-13T17:53:17.216-04:00","source":{"id":"0","name":"eventBus"}}
{"__type":"$$EventMessageNode","id":"d44e0905-3b96-4664-96f0-f806ee72326f","ts":"2026-04-13T17:53:17.217-04:00","eventName":"n8n.node.finished","message":"n8n.node.finished","payload":{"workflowId":"SOPDrUXzg9pm6Fp1","workflowName":"leetcode-notes-authorizer","executionId":"5","nodeType":"n8n-nodes-base.if","nodeName":"If1","nodeId":"94c5d2ff-e472-4551-9b72-0b341b4b3ecc"}}
{"__type":"$$EventMessageConfirm","confirm":"d44e0905-3b96-4664-96f0-f806ee72326f","ts":"2026-04-13T17:53:17.217-04:00","source":{"id":"0","name":"eventBus"}}
{"__type":"$$EventMessageNode","id":"e535e8c7-8397-40a0-a4a4-fd699f0ff7c9","ts":"2026-04-13T17:53:17.217-04:00","eventName":"n8n.node.started","message":"n8n.node.started","payload":{"workflowId":"SOPDrUXzg9pm6Fp1","workflowName":"leetcode-notes-authorizer","executionId":"5","nodeType":"n8n-nodes-base.github","nodeName":"update_meta.json1","nodeId":"a2b2b4a5-f93f-43c4-bca1-4df61c2b835d"}}
{"__type":"$$EventMessageConfirm","confirm":"e535e8c7-8397-40a0-a4a4-fd699f0ff7c9","ts":"2026-04-13T17:53:17.217-04:00","source":{"id":"0","name":"eventBus"}}
{"__type":"$$EventMessageNode","id":"116fdcd0-fe64-4cf9-9fc3-7c239232d42a","ts":"2026-04-13T17:53:18.913-04:00","eventName":"n8n.node.finished","message":"n8n.node.finished","payload":{"workflowId":"SOPDrUXzg9pm6Fp1","workflowName":"leetcode-notes-authorizer","executionId":"5","nodeType":"n8n-nodes-base.github","nodeName":"update_meta.json1","nodeId":"a2b2b4a5-f93f-43c4-bca1-4df61c2b835d"}}
{"__type":"$$EventMessageConfirm","confirm":"116fdcd0-fe64-4cf9-9fc3-7c239232d42a","ts":"2026-04-13T17:53:18.913-04:00","source":{"id":"0","name":"eventBus"}}
{"__type":"$$EventMessageNode","id":"c91ba509-29b3-4703-ab33-a0a08eecc064","ts":"2026-04-13T17:53:18.913-04:00","eventName":"n8n.node.started","message":"n8n.node.started","payload":{"workflowId":"SOPDrUXzg9pm6Fp1","workflowName":"leetcode-notes-authorizer","executionId":"5","nodeType":"n8n-nodes-base.github","nodeName":"create_new_index.md1","nodeId":"fddd0e57-1110-4703-ba13-da1330d4f5ae"}}
{"__type":"$$EventMessageConfirm","confirm":"c91ba509-29b3-4703-ab33-a0a08eecc064","ts":"2026-04-13T17:53:18.913-04:00","source":{"id":"0","name":"eventBus"}}
{"__type":"$$EventMessageNode","id":"9e356907-6120-4bc1-a5e7-af58befae11a","ts":"2026-04-13T17:53:19.764-04:00","eventName":"n8n.node.finished","message":"n8n.node.finished","payload":{"workflowId":"SOPDrUXzg9pm6Fp1","workflowName":"leetcode-notes-authorizer","executionId":"5","nodeType":"n8n-nodes-base.github","nodeName":"create_new_index.md1","nodeId":"fddd0e57-1110-4703-ba13-da1330d4f5ae"}}
{"__type":"$$EventMessageConfirm","confirm":"9e356907-6120-4bc1-a5e7-af58befae11a","ts":"2026-04-13T17:53:19.764-04:00","source":{"id":"0","name":"eventBus"}}
{"__type":"$$EventMessageNode","id":"7f8803ef-e278-4cae-8c0e-989a684e9b60","ts":"2026-04-13T17:53:19.764-04:00","eventName":"n8n.node.started","message":"n8n.node.started","payload":{"workflowId":"SOPDrUXzg9pm6Fp1","workflowName":"leetcode-notes-authorizer","executionId":"5","nodeType":"n8n-nodes-base.respondToWebhook","nodeName":"Respond to Webhook","nodeId":"6eb92b19-90c9-4d2b-a320-e01acfd31832"}}
{"__type":"$$EventMessageConfirm","confirm":"7f8803ef-e278-4cae-8c0e-989a684e9b60","ts":"2026-04-13T17:53:19.764-04:00","source":{"id":"0","name":"eventBus"}}
{"__type":"$$EventMessageNode","id":"0035ad4b-fbe0-4716-be3a-b8505340f3ce","ts":"2026-04-13T17:53:19.766-04:00","eventName":"n8n.node.finished","message":"n8n.node.finished","payload":{"workflowId":"SOPDrUXzg9pm6Fp1","workflowName":"leetcode-notes-authorizer","executionId":"5","nodeType":"n8n-nodes-base.respondToWebhook","nodeName":"Respond to Webhook","nodeId":"6eb92b19-90c9-4d2b-a320-e01acfd31832"}}
{"__type":"$$EventMessageConfirm","confirm":"0035ad4b-fbe0-4716-be3a-b8505340f3ce","ts":"2026-04-13T17:53:19.766-04:00","source":{"id":"0","name":"eventBus"}}
{"__type":"$$EventMessageNode","id":"58c54098-c0f1-4435-9696-308a543fb160","ts":"2026-04-13T17:53:19.767-04:00","eventName":"n8n.node.started","message":"n8n.node.started","payload":{"workflowId":"SOPDrUXzg9pm6Fp1","workflowName":"leetcode-notes-authorizer","executionId":"5","nodeType":"n8n-nodes-base.executeWorkflow","nodeName":"Call 'leetcode-notes-main'","nodeId":"a6ca5f61-331a-4b43-9a99-f0a1c9326b18"}}
{"__type":"$$EventMessageConfirm","confirm":"58c54098-c0f1-4435-9696-308a543fb160","ts":"2026-04-13T17:53:19.767-04:00","source":{"id":"0","name":"eventBus"}}
{"__type":"$$EventMessageAudit","id":"af425f4b-9ef1-4f31-b975-53bf51bf9bbf","ts":"2026-04-13T17:53:19.810-04:00","eventName":"n8n.audit.workflow.executed","message":"n8n.audit.workflow.executed","payload":{"workflowId":"5W1RTYk42GHSHGb7","workflowName":"leetcode-notes-main","executionId":"6","source":"integrated"}}
{"__type":"$$EventMessageConfirm","confirm":"af425f4b-9ef1-4f31-b975-53bf51bf9bbf","ts":"2026-04-13T17:53:19.811-04:00","source":{"id":"0","name":"eventBus"}}
{"__type":"$$EventMessageWorkflow","id":"5e42a162-3ec8-4c2a-ba90-cdabed5b4d34","ts":"2026-04-13T17:53:19.818-04:00","eventName":"n8n.workflow.started","message":"n8n.workflow.started","payload":{"executionId":"6","workflowId":"5W1RTYk42GHSHGb7","isManual":false,"mode":"integrated","workflowName":"leetcode-notes-main"}}
{"__type":"$$EventMessageConfirm","confirm":"5e42a162-3ec8-4c2a-ba90-cdabed5b4d34","ts":"2026-04-13T17:53:19.819-04:00","source":{"id":"0","name":"eventBus"}}
{"__type":"$$EventMessageNode","id":"2acb7beb-704a-45e2-bddb-a62379180c65","ts":"2026-04-13T17:53:19.819-04:00","eventName":"n8n.node.started","message":"n8n.node.started","payload":{"workflowId":"5W1RTYk42GHSHGb7","workflowName":"leetcode-notes-main","executionId":"6","nodeType":"n8n-nodes-base.executeWorkflowTrigger","nodeName":"When Executed by Another Workflow","nodeId":"e6fd35b1-4900-48c3-9523-350538d4c19f"}}
{"__type":"$$EventMessageConfirm","confirm":"2acb7beb-704a-45e2-bddb-a62379180c65","ts":"2026-04-13T17:53:19.819-04:00","source":{"id":"0","name":"eventBus"}}
{"__type":"$$EventMessageNode","id":"77802e05-ea29-4085-b3ce-f1b75bccf6ce","ts":"2026-04-13T17:53:19.820-04:00","eventName":"n8n.node.finished","message":"n8n.node.finished","payload":{"workflowId":"5W1RTYk42GHSHGb7","workflowName":"leetcode-notes-main","executionId":"6","nodeType":"n8n-nodes-base.executeWorkflowTrigger","nodeName":"When Executed by Another Workflow","nodeId":"e6fd35b1-4900-48c3-9523-350538d4c19f"}}
{"__type":"$$EventMessageConfirm","confirm":"77802e05-ea29-4085-b3ce-f1b75bccf6ce","ts":"2026-04-13T17:53:19.820-04:00","source":{"id":"0","name":"eventBus"}}
{"__type":"$$EventMessageNode","id":"239e994e-ab6e-49a0-b77d-0a9130279b86","ts":"2026-04-13T17:53:19.820-04:00","eventName":"n8n.node.started","message":"n8n.node.started","payload":{"workflowId":"5W1RTYk42GHSHGb7","workflowName":"leetcode-notes-main","executionId":"6","nodeType":"n8n-nodes-base.github","nodeName":"Get a file1","nodeId":"4402893a-45df-47c9-b6a4-faa2a02fc546"}}
{"__type":"$$EventMessageConfirm","confirm":"239e994e-ab6e-49a0-b77d-0a9130279b86","ts":"2026-04-13T17:53:19.820-04:00","source":{"id":"0","name":"eventBus"}}
{"__type":"$$EventMessageNode","id":"497b2a26-bab5-4747-86a5-1585d6e000f5","ts":"2026-04-13T17:53:20.265-04:00","eventName":"n8n.node.finished","message":"n8n.node.finished","payload":{"workflowId":"5W1RTYk42GHSHGb7","workflowName":"leetcode-notes-main","executionId":"6","nodeType":"n8n-nodes-base.github","nodeName":"Get a file1","nodeId":"4402893a-45df-47c9-b6a4-faa2a02fc546"}}
{"__type":"$$EventMessageConfirm","confirm":"497b2a26-bab5-4747-86a5-1585d6e000f5","ts":"2026-04-13T17:53:20.265-04:00","source":{"id":"0","name":"eventBus"}}
{"__type":"$$EventMessageNode","id":"c9bd84c9-0cdc-4a94-8e7d-bc11214fb64c","ts":"2026-04-13T17:53:20.265-04:00","eventName":"n8n.node.started","message":"n8n.node.started","payload":{"workflowId":"5W1RTYk42GHSHGb7","workflowName":"leetcode-notes-main","executionId":"6","nodeType":"n8n-nodes-base.code","nodeName":"decode Base64","nodeId":"24fd7398-95d9-4b08-af4e-3d4479d3a3f3"}}
{"__type":"$$EventMessageConfirm","confirm":"c9bd84c9-0cdc-4a94-8e7d-bc11214fb64c","ts":"2026-04-13T17:53:20.265-04:00","source":{"id":"0","name":"eventBus"}}
{"__type":"$$EventMessageRunner","id":"01c9793b-d938-445e-8a0f-5eeda18fa58b","ts":"2026-04-13T17:53:20.266-04:00","eventName":"n8n.runner.task.requested","message":"n8n.runner.task.requested","payload":{"taskId":"tzsRu-q8","nodeId":"24fd7398-95d9-4b08-af4e-3d4479d3a3f3","workflowId":"5W1RTYk42GHSHGb7","executionId":"6"}}
{"__type":"$$EventMessageConfirm","confirm":"01c9793b-d938-445e-8a0f-5eeda18fa58b","ts":"2026-04-13T17:53:20.266-04:00","source":{"id":"0","name":"eventBus"}}
{"__type":"$$EventMessageRunner","id":"976232bb-f97e-4e2b-b29d-d6cce9e770f5","ts":"2026-04-13T17:53:20.275-04:00","eventName":"n8n.runner.response.received","message":"n8n.runner.response.received","payload":{"taskId":"tzsRu-q8","nodeId":"24fd7398-95d9-4b08-af4e-3d4479d3a3f3","workflowId":"5W1RTYk42GHSHGb7","executionId":"6"}}
{"__type":"$$EventMessageConfirm","confirm":"976232bb-f97e-4e2b-b29d-d6cce9e770f5","ts":"2026-04-13T17:53:20.275-04:00","source":{"id":"0","name":"eventBus"}}
{"__type":"$$EventMessageNode","id":"896364f9-ca24-4abc-8a81-ce2ccad2201c","ts":"2026-04-13T17:53:20.276-04:00","eventName":"n8n.node.finished","message":"n8n.node.finished","payload":{"workflowId":"5W1RTYk42GHSHGb7","workflowName":"leetcode-notes-main","executionId":"6","nodeType":"n8n-nodes-base.code","nodeName":"decode Base64","nodeId":"24fd7398-95d9-4b08-af4e-3d4479d3a3f3"}}
{"__type":"$$EventMessageConfirm","confirm":"896364f9-ca24-4abc-8a81-ce2ccad2201c","ts":"2026-04-13T17:53:20.276-04:00","source":{"id":"0","name":"eventBus"}}
{"__type":"$$EventMessageNode","id":"8b945de3-3c97-4c96-92cb-85a879c48f82","ts":"2026-04-13T17:53:20.276-04:00","eventName":"n8n.node.started","message":"n8n.node.started","payload":{"workflowId":"5W1RTYk42GHSHGb7","workflowName":"leetcode-notes-main","executionId":"6","nodeType":"n8n-nodes-base.code","nodeName":"split-per-user1","nodeId":"0f3f958e-eed5-4cc6-9fab-30e14fe6b7df"}}
{"__type":"$$EventMessageConfirm","confirm":"8b945de3-3c97-4c96-92cb-85a879c48f82","ts":"2026-04-13T17:53:20.276-04:00","source":{"id":"0","name":"eventBus"}}
{"__type":"$$EventMessageRunner","id":"17de9c42-6e08-4846-9273-687f1bc7c706","ts":"2026-04-13T17:53:20.277-04:00","eventName":"n8n.runner.task.requested","message":"n8n.runner.task.requested","payload":{"taskId":"nDQPuXBo","nodeId":"0f3f958e-eed5-4cc6-9fab-30e14fe6b7df","workflowId":"5W1RTYk42GHSHGb7","executionId":"6"}}
{"__type":"$$EventMessageConfirm","confirm":"17de9c42-6e08-4846-9273-687f1bc7c706","ts":"2026-04-13T17:53:20.277-04:00","source":{"id":"0","name":"eventBus"}}
{"__type":"$$EventMessageRunner","id":"8fda9030-427c-47c4-971d-76b7b92e8ea1","ts":"2026-04-13T17:53:20.286-04:00","eventName":"n8n.runner.response.received","message":"n8n.runner.response.received","payload":{"taskId":"nDQPuXBo","nodeId":"0f3f958e-eed5-4cc6-9fab-30e14fe6b7df","workflowId":"5W1RTYk42GHSHGb7","executionId":"6"}}
{"__type":"$$EventMessageConfirm","confirm":"8fda9030-427c-47c4-971d-76b7b92e8ea1","ts":"2026-04-13T17:53:20.286-04:00","source":{"id":"0","name":"eventBus"}}
{"__type":"$$EventMessageNode","id":"1ad6713d-424d-4c91-b631-04bb2542d36f","ts":"2026-04-13T17:53:20.287-04:00","eventName":"n8n.node.finished","message":"n8n.node.finished","payload":{"workflowId":"5W1RTYk42GHSHGb7","workflowName":"leetcode-notes-main","executionId":"6","nodeType":"n8n-nodes-base.code","nodeName":"split-per-user1","nodeId":"0f3f958e-eed5-4cc6-9fab-30e14fe6b7df"}}
{"__type":"$$EventMessageConfirm","confirm":"1ad6713d-424d-4c91-b631-04bb2542d36f","ts":"2026-04-13T17:53:20.287-04:00","source":{"id":"0","name":"eventBus"}}
{"__type":"$$EventMessageNode","id":"c7c50362-97f2-4e9e-93d0-c46598bc615f","ts":"2026-04-13T17:53:20.287-04:00","eventName":"n8n.node.started","message":"n8n.node.started","payload":{"workflowId":"5W1RTYk42GHSHGb7","workflowName":"leetcode-notes-main","executionId":"6","nodeType":"n8n-nodes-base.httpRequest","nodeName":"graphql-recentAC1","nodeId":"da0d383d-8c95-45e2-9ff8-8126ea22d8be"}}
{"__type":"$$EventMessageConfirm","confirm":"c7c50362-97f2-4e9e-93d0-c46598bc615f","ts":"2026-04-13T17:53:20.287-04:00","source":{"id":"0","name":"eventBus"}}
{"__type":"$$EventMessageNode","id":"e88c2745-15c2-4b5d-99f7-672912e533b5","ts":"2026-04-13T17:53:21.314-04:00","eventName":"n8n.node.finished","message":"n8n.node.finished","payload":{"workflowId":"5W1RTYk42GHSHGb7","workflowName":"leetcode-notes-main","executionId":"6","nodeType":"n8n-nodes-base.httpRequest","nodeName":"graphql-recentAC1","nodeId":"da0d383d-8c95-45e2-9ff8-8126ea22d8be"}}
{"__type":"$$EventMessageConfirm","confirm":"e88c2745-15c2-4b5d-99f7-672912e533b5","ts":"2026-04-13T17:53:21.314-04:00","source":{"id":"0","name":"eventBus"}}
{"__type":"$$EventMessageNode","id":"84e8662a-3146-4ed2-b3f8-a77eec39eff8","ts":"2026-04-13T17:53:21.314-04:00","eventName":"n8n.node.started","message":"n8n.node.started","payload":{"workflowId":"5W1RTYk42GHSHGb7","workflowName":"leetcode-notes-main","executionId":"6","nodeType":"n8n-nodes-base.filter","nodeName":"Filter1","nodeId":"faf1f163-3f79-4aef-be68-709952aadda6"}}
{"__type":"$$EventMessageConfirm","confirm":"84e8662a-3146-4ed2-b3f8-a77eec39eff8","ts":"2026-04-13T17:53:21.314-04:00","source":{"id":"0","name":"eventBus"}}
{"__type":"$$EventMessageNode","id":"6831ac17-1397-431c-bff6-c67687053fad","ts":"2026-04-13T17:53:21.316-04:00","eventName":"n8n.node.finished","message":"n8n.node.finished","payload":{"workflowId":"5W1RTYk42GHSHGb7","workflowName":"leetcode-notes-main","executionId":"6","nodeType":"n8n-nodes-base.filter","nodeName":"Filter1","nodeId":"faf1f163-3f79-4aef-be68-709952aadda6"}}
{"__type":"$$EventMessageConfirm","confirm":"6831ac17-1397-431c-bff6-c67687053fad","ts":"2026-04-13T17:53:21.316-04:00","source":{"id":"0","name":"eventBus"}}
{"__type":"$$EventMessageNode","id":"c0f9853c-437d-44d7-86b6-cf0952361b72","ts":"2026-04-13T17:53:21.317-04:00","eventName":"n8n.node.started","message":"n8n.node.started","payload":{"workflowId":"5W1RTYk42GHSHGb7","workflowName":"leetcode-notes-main","executionId":"6","nodeType":"n8n-nodes-base.code","nodeName":"filter-by-hour1","nodeId":"ddda32fc-879a-49fd-bff9-f684bc3c335f"}}
{"__type":"$$EventMessageConfirm","confirm":"c0f9853c-437d-44d7-86b6-cf0952361b72","ts":"2026-04-13T17:53:21.317-04:00","source":{"id":"0","name":"eventBus"}}
{"__type":"$$EventMessageRunner","id":"7fab2561-0abc-44ee-9952-646751827f39","ts":"2026-04-13T17:53:21.318-04:00","eventName":"n8n.runner.task.requested","message":"n8n.runner.task.requested","payload":{"taskId":"yofM7ZRm","nodeId":"ddda32fc-879a-49fd-bff9-f684bc3c335f","workflowId":"5W1RTYk42GHSHGb7","executionId":"6"}}
{"__type":"$$EventMessageConfirm","confirm":"7fab2561-0abc-44ee-9952-646751827f39","ts":"2026-04-13T17:53:21.318-04:00","source":{"id":"0","name":"eventBus"}}
{"__type":"$$EventMessageRunner","id":"8e22879b-6a0c-44e6-8e4a-915548454995","ts":"2026-04-13T17:53:21.329-04:00","eventName":"n8n.runner.response.received","message":"n8n.runner.response.received","payload":{"taskId":"yofM7ZRm","nodeId":"ddda32fc-879a-49fd-bff9-f684bc3c335f","workflowId":"5W1RTYk42GHSHGb7","executionId":"6"}}
{"__type":"$$EventMessageConfirm","confirm":"8e22879b-6a0c-44e6-8e4a-915548454995","ts":"2026-04-13T17:53:21.329-04:00","source":{"id":"0","name":"eventBus"}}
{"__type":"$$EventMessageNode","id":"bcafb766-a283-4b58-8b2d-7d9dfcfd6441","ts":"2026-04-13T17:53:21.330-04:00","eventName":"n8n.node.finished","message":"n8n.node.finished","payload":{"workflowId":"5W1RTYk42GHSHGb7","workflowName":"leetcode-notes-main","executionId":"6","nodeType":"n8n-nodes-base.code","nodeName":"filter-by-hour1","nodeId":"ddda32fc-879a-49fd-bff9-f684bc3c335f"}}
{"__type":"$$EventMessageConfirm","confirm":"bcafb766-a283-4b58-8b2d-7d9dfcfd6441","ts":"2026-04-13T17:53:21.330-04:00","source":{"id":"0","name":"eventBus"}}
{"__type":"$$EventMessageNode","id":"738f1090-d2b2-4910-b0ec-7257f858b929","ts":"2026-04-13T17:53:21.330-04:00","eventName":"n8n.node.started","message":"n8n.node.started","payload":{"workflowId":"5W1RTYk42GHSHGb7","workflowName":"leetcode-notes-main","executionId":"6","nodeType":"n8n-nodes-base.code","nodeName":"add-metadata1","nodeId":"e214777f-d048-4a3c-bd56-5b9a940bd1ce"}}
{"__type":"$$EventMessageConfirm","confirm":"738f1090-d2b2-4910-b0ec-7257f858b929","ts":"2026-04-13T17:53:21.330-04:00","source":{"id":"0","name":"eventBus"}}
{"__type":"$$EventMessageRunner","id":"33bff037-93b1-4fb1-8f0d-a68daf34b53b","ts":"2026-04-13T17:53:21.331-04:00","eventName":"n8n.runner.task.requested","message":"n8n.runner.task.requested","payload":{"taskId":"L1rfIduY","nodeId":"e214777f-d048-4a3c-bd56-5b9a940bd1ce","workflowId":"5W1RTYk42GHSHGb7","executionId":"6"}}
{"__type":"$$EventMessageConfirm","confirm":"33bff037-93b1-4fb1-8f0d-a68daf34b53b","ts":"2026-04-13T17:53:21.331-04:00","source":{"id":"0","name":"eventBus"}}
{"__type":"$$EventMessageRunner","id":"962d998a-5b75-40f7-8414-fd44f1e6cb50","ts":"2026-04-13T17:53:21.337-04:00","eventName":"n8n.runner.response.received","message":"n8n.runner.response.received","payload":{"taskId":"L1rfIduY","nodeId":"e214777f-d048-4a3c-bd56-5b9a940bd1ce","workflowId":"5W1RTYk42GHSHGb7","executionId":"6"}}
{"__type":"$$EventMessageConfirm","confirm":"962d998a-5b75-40f7-8414-fd44f1e6cb50","ts":"2026-04-13T17:53:21.337-04:00","source":{"id":"0","name":"eventBus"}}
{"__type":"$$EventMessageNode","id":"b5b69bca-7ab1-40fc-9147-ea2c26083aa0","ts":"2026-04-13T17:53:21.338-04:00","eventName":"n8n.node.finished","message":"n8n.node.finished","payload":{"workflowId":"5W1RTYk42GHSHGb7","workflowName":"leetcode-notes-main","executionId":"6","nodeType":"n8n-nodes-base.code","nodeName":"add-metadata1","nodeId":"e214777f-d048-4a3c-bd56-5b9a940bd1ce"}}
{"__type":"$$EventMessageConfirm","confirm":"b5b69bca-7ab1-40fc-9147-ea2c26083aa0","ts":"2026-04-13T17:53:21.338-04:00","source":{"id":"0","name":"eventBus"}}
{"__type":"$$EventMessageNode","id":"c8d9b24b-9f44-4a1d-a7b6-e1d7127c2f6c","ts":"2026-04-13T17:53:21.338-04:00","eventName":"n8n.node.started","message":"n8n.node.started","payload":{"workflowId":"5W1RTYk42GHSHGb7","workflowName":"leetcode-notes-main","executionId":"6","nodeType":"n8n-nodes-base.httpRequest","nodeName":"graphql-RecentCode1","nodeId":"08b68a3a-d21a-48a6-8801-0035b60ab7a6"}}
{"__type":"$$EventMessageConfirm","confirm":"c8d9b24b-9f44-4a1d-a7b6-e1d7127c2f6c","ts":"2026-04-13T17:53:21.338-04:00","source":{"id":"0","name":"eventBus"}}
{"__type":"$$EventMessageNode","id":"3d6b9794-d315-4973-beed-ec706584b4c3","ts":"2026-04-13T17:53:21.665-04:00","eventName":"n8n.node.finished","message":"n8n.node.finished","payload":{"workflowId":"5W1RTYk42GHSHGb7","workflowName":"leetcode-notes-main","executionId":"6","nodeType":"n8n-nodes-base.httpRequest","nodeName":"graphql-RecentCode1","nodeId":"08b68a3a-d21a-48a6-8801-0035b60ab7a6"}}
{"__type":"$$EventMessageConfirm","confirm":"3d6b9794-d315-4973-beed-ec706584b4c3","ts":"2026-04-13T17:53:21.665-04:00","source":{"id":"0","name":"eventBus"}}
{"__type":"$$EventMessageWorkflow","id":"30b29aa5-6da0-44e1-9b98-2116fa5b4e45","ts":"2026-04-13T17:53:21.665-04:00","eventName":"n8n.workflow.failed","message":"n8n.workflow.failed","payload":{"executionId":"6","success":false,"isManual":false,"mode":"integrated","workflowId":"5W1RTYk42GHSHGb7","workflowName":"leetcode-notes-main","lastNodeExecuted":"graphql-RecentCode1","errorNodeType":"n8n-nodes-base.httpRequest","errorMessage":"Bad request - please check your parameters"}}
{"__type":"$$EventMessageConfirm","confirm":"30b29aa5-6da0-44e1-9b98-2116fa5b4e45","ts":"2026-04-13T17:53:21.665-04:00","source":{"id":"0","name":"eventBus"}}
{"__type":"$$EventMessageNode","id":"238dcef2-0590-458a-8fda-f4ac0e078c99","ts":"2026-04-13T17:53:21.676-04:00","eventName":"n8n.node.finished","message":"n8n.node.finished","payload":{"workflowId":"SOPDrUXzg9pm6Fp1","workflowName":"leetcode-notes-authorizer","executionId":"5","nodeType":"n8n-nodes-base.executeWorkflow","nodeName":"Call 'leetcode-notes-main'","nodeId":"a6ca5f61-331a-4b43-9a99-f0a1c9326b18"}}
{"__type":"$$EventMessageConfirm","confirm":"238dcef2-0590-458a-8fda-f4ac0e078c99","ts":"2026-04-13T17:53:21.677-04:00","source":{"id":"0","name":"eventBus"}}
{"__type":"$$EventMessageWorkflow","id":"e056163e-7796-4563-b65f-9c1006de6562","ts":"2026-04-13T17:53:21.677-04:00","eventName":"n8n.workflow.failed","message":"n8n.workflow.failed","payload":{"executionId":"5","success":false,"isManual":false,"mode":"webhook","workflowId":"SOPDrUXzg9pm6Fp1","workflowName":"leetcode-notes-authorizer","lastNodeExecuted":"Call 'leetcode-notes-main'","errorNodeType":"n8n-nodes-base.httpRequest","errorMessage":"Bad request - please check your parameters"}}
{"__type":"$$EventMessageConfirm","confirm":"e056163e-7796-4563-b65f-9c1006de6562","ts":"2026-04-13T17:53:21.677-04:00","source":{"id":"0","name":"eventBus"}}
