{"__type":"$$EventMessageAudit","id":"bbe03a6d-b582-4f3a-96ab-24e08fe072e7","ts":"2026-04-13T21:12:25.207+00:00","eventName":"n8n.audit.workflow.created","message":"n8n.audit.workflow.created","payload":{"userId":"fcc7e3b1-d7b8-453d-9250-ce7ed5bf518c","_email":"shreypratapsingh.to@outlook.com","_firstName":"shrey","_lastName":"pratap","globalRole":"global:owner","workflowId":"SOPDrUXzg9pm6Fp1","workflowName":"leetcode-notes-authorizer"}}
{"__type":"$$EventMessageConfirm","confirm":"bbe03a6d-b582-4f3a-96ab-24e08fe072e7","ts":"2026-04-13T21:12:25.207+00:00","source":{"id":"0","name":"eventBus"}}
{"__type":"$$EventMessageAudit","id":"b26d4e95-494f-4cbf-9016-44753ed644c9","ts":"2026-04-13T21:12:43.277+00:00","eventName":"n8n.audit.workflow.created","message":"n8n.audit.workflow.created","payload":{"userId":"fcc7e3b1-d7b8-453d-9250-ce7ed5bf518c","_email":"shreypratapsingh.to@outlook.com","_firstName":"shrey","_lastName":"pratap","globalRole":"global:owner","workflowId":"5W1RTYk42GHSHGb7","workflowName":"leetcode-notes-main"}}
{"__type":"$$EventMessageConfirm","confirm":"b26d4e95-494f-4cbf-9016-44753ed644c9","ts":"2026-04-13T21:12:43.277+00:00","source":{"id":"0","name":"eventBus"}}
{"__type":"$$EventMessageAudit","id":"635dcfcf-3457-442c-bafb-e5fb5fb45b61","ts":"2026-04-13T21:14:52.589+00:00","eventName":"n8n.audit.user.credentials.created","message":"n8n.audit.user.credentials.created","payload":{"userId":"fcc7e3b1-d7b8-453d-9250-ce7ed5bf518c","_email":"shreypratapsingh.to@outlook.com","_firstName":"shrey","_lastName":"pratap","globalRole":"global:owner","credentialType":"githubApi","credentialId":"YHKM4dqtzV8XMqGG","publicApi":false,"projectId":"qmszg7dIhbqNabbQ","projectType":"personal","isDynamic":false}}
{"__type":"$$EventMessageConfirm","confirm":"635dcfcf-3457-442c-bafb-e5fb5fb45b61","ts":"2026-04-13T21:14:52.589+00:00","source":{"id":"0","name":"eventBus"}}
{"__type":"$$EventMessageAudit","id":"ea735403-e38b-4a13-a20d-bf793b6df476","ts":"2026-04-13T17:14:54.319-04:00","eventName":"n8n.audit.workflow.updated","message":"n8n.audit.workflow.updated","payload":{"userId":"fcc7e3b1-d7b8-453d-9250-ce7ed5bf518c","_email":"shreypratapsingh.to@outlook.com","_firstName":"shrey","_lastName":"pratap","globalRole":"global:owner","workflowId":"5W1RTYk42GHSHGb7","workflowName":"leetcode-notes-main"}}
{"__type":"$$EventMessageConfirm","confirm":"ea735403-e38b-4a13-a20d-bf793b6df476","ts":"2026-04-13T17:14:54.319-04:00","source":{"id":"0","name":"eventBus"}}
{"__type":"$$EventMessageAudit","id":"547c9af3-68c4-4a22-87a9-6618a4246011","ts":"2026-04-13T17:15:10.740-04:00","eventName":"n8n.audit.workflow.updated","message":"n8n.audit.workflow.updated","payload":{"userId":"fcc7e3b1-d7b8-453d-9250-ce7ed5bf518c","_email":"shreypratapsingh.to@outlook.com","_firstName":"shrey","_lastName":"pratap","globalRole":"global:owner","workflowId":"SOPDrUXzg9pm6Fp1","workflowName":"leetcode-notes-authorizer"}}
{"__type":"$$EventMessageConfirm","confirm":"547c9af3-68c4-4a22-87a9-6618a4246011","ts":"2026-04-13T17:15:10.741-04:00","source":{"id":"0","name":"eventBus"}}
{"__type":"$$EventMessageAudit","id":"b7cb03e5-585a-4e68-9532-0e7be23bffa7","ts":"2026-04-13T17:15:53.726-04:00","eventName":"n8n.audit.user.credentials.created","message":"n8n.audit.user.credentials.created","payload":{"userId":"fcc7e3b1-d7b8-453d-9250-ce7ed5bf518c","_email":"shreypratapsingh.to@outlook.com","_firstName":"shrey","_lastName":"pratap","globalRole":"global:owner","credentialType":"googlePalmApi","credentialId":"qx35AbpvAd7zkyGt","publicApi":false,"projectId":"qmszg7dIhbqNabbQ","projectType":"personal","isDynamic":false}}
{"__type":"$$EventMessageConfirm","confirm":"b7cb03e5-585a-4e68-9532-0e7be23bffa7","ts":"2026-04-13T17:15:53.727-04:00","source":{"id":"0","name":"eventBus"}}
{"__type":"$$EventMessageAudit","id":"05ec4156-cb7f-4c83-8e7b-084942b9ad2d","ts":"2026-04-13T17:15:55.412-04:00","eventName":"n8n.audit.workflow.updated","message":"n8n.audit.workflow.updated","payload":{"userId":"fcc7e3b1-d7b8-453d-9250-ce7ed5bf518c","_email":"shreypratapsingh.to@outlook.com","_firstName":"shrey","_lastName":"pratap","globalRole":"global:owner","workflowId":"5W1RTYk42GHSHGb7","workflowName":"leetcode-notes-main"}}
{"__type":"$$EventMessageConfirm","confirm":"05ec4156-cb7f-4c83-8e7b-084942b9ad2d","ts":"2026-04-13T17:15:55.412-04:00","source":{"id":"0","name":"eventBus"}}
{"__type":"$$EventMessageAudit","id":"44a40b1e-2956-48df-b2b2-c55151b28920","ts":"2026-04-13T17:16:03.812-04:00","eventName":"n8n.audit.workflow.activated","message":"n8n.audit.workflow.activated","payload":{"userId":"fcc7e3b1-d7b8-453d-9250-ce7ed5bf518c","_email":"shreypratapsingh.to@outlook.com","_firstName":"shrey","_lastName":"pratap","globalRole":"global:owner","workflowId":"5W1RTYk42GHSHGb7","workflowName":"leetcode-notes-main","activeVersionId":"dd689abf-3194-43f0-a2a6-12e271329f16"}}
{"__type":"$$EventMessageConfirm","confirm":"44a40b1e-2956-48df-b2b2-c55151b28920","ts":"2026-04-13T17:16:03.812-04:00","source":{"id":"0","name":"eventBus"}}
{"__type":"$$EventMessageAudit","id":"5a84a147-3b9f-48cc-83ea-9478779ba0a9","ts":"2026-04-13T17:16:31.290-04:00","eventName":"n8n.audit.workflow.updated","message":"n8n.audit.workflow.updated","payload":{"userId":"fcc7e3b1-d7b8-453d-9250-ce7ed5bf518c","_email":"shreypratapsingh.to@outlook.com","_firstName":"shrey","_lastName":"pratap","globalRole":"global:owner","workflowId":"SOPDrUXzg9pm6Fp1","workflowName":"leetcode-notes-authorizer"}}
{"__type":"$$EventMessageConfirm","confirm":"5a84a147-3b9f-48cc-83ea-9478779ba0a9","ts":"2026-04-13T17:16:31.291-04:00","source":{"id":"0","name":"eventBus"}}
{"__type":"$$EventMessageAudit","id":"bfe629a3-3b1c-406d-8c30-11e1455b92c2","ts":"2026-04-13T17:17:47.653-04:00","eventName":"n8n.audit.workflow.updated","message":"n8n.audit.workflow.updated","payload":{"userId":"fcc7e3b1-d7b8-453d-9250-ce7ed5bf518c","_email":"shreypratapsingh.to@outlook.com","_firstName":"shrey","_lastName":"pratap","globalRole":"global:owner","workflowId":"SOPDrUXzg9pm6Fp1","workflowName":"leetcode-notes-authorizer"}}
{"__type":"$$EventMessageConfirm","confirm":"bfe629a3-3b1c-406d-8c30-11e1455b92c2","ts":"2026-04-13T17:17:47.653-04:00","source":{"id":"0","name":"eventBus"}}
{"__type":"$$EventMessageAudit","id":"72288c08-9240-4cd2-b418-8f63780c2959","ts":"2026-04-13T17:18:48.897-04:00","eventName":"n8n.audit.workflow.updated","message":"n8n.audit.workflow.updated","payload":{"userId":"fcc7e3b1-d7b8-453d-9250-ce7ed5bf518c","_email":"shreypratapsingh.to@outlook.com","_firstName":"shrey","_lastName":"pratap","globalRole":"global:owner","workflowId":"SOPDrUXzg9pm6Fp1","workflowName":"leetcode-notes-authorizer"}}
{"__type":"$$EventMessageConfirm","confirm":"72288c08-9240-4cd2-b418-8f63780c2959","ts":"2026-04-13T17:18:48.897-04:00","source":{"id":"0","name":"eventBus"}}
{"__type":"$$EventMessageAudit","id":"82bbde43-7e29-40f6-9d2e-d993aec21614","ts":"2026-04-13T17:19:05.174-04:00","eventName":"n8n.audit.workflow.updated","message":"n8n.audit.workflow.updated","payload":{"userId":"fcc7e3b1-d7b8-453d-9250-ce7ed5bf518c","_email":"shreypratapsingh.to@outlook.com","_firstName":"shrey","_lastName":"pratap","globalRole":"global:owner","workflowId":"SOPDrUXzg9pm6Fp1","workflowName":"leetcode-notes-authorizer"}}
{"__type":"$$EventMessageConfirm","confirm":"82bbde43-7e29-40f6-9d2e-d993aec21614","ts":"2026-04-13T17:19:05.174-04:00","source":{"id":"0","name":"eventBus"}}
{"__type":"$$EventMessageAudit","id":"5d6d3169-7a65-49ef-82d6-4ad88ebe1f53","ts":"2026-04-13T17:19:08.159-04:00","eventName":"n8n.audit.workflow.updated","message":"n8n.audit.workflow.updated","payload":{"userId":"fcc7e3b1-d7b8-453d-9250-ce7ed5bf518c","_email":"shreypratapsingh.to@outlook.com","_firstName":"shrey","_lastName":"pratap","globalRole":"global:owner","workflowId":"SOPDrUXzg9pm6Fp1","workflowName":"leetcode-notes-authorizer"}}
{"__type":"$$EventMessageConfirm","confirm":"5d6d3169-7a65-49ef-82d6-4ad88ebe1f53","ts":"2026-04-13T17:19:08.159-04:00","source":{"id":"0","name":"eventBus"}}
{"__type":"$$EventMessageAudit","id":"d8dd3c99-d98b-4cbb-af57-d871ebd01f19","ts":"2026-04-13T17:19:14.514-04:00","eventName":"n8n.audit.workflow.activated","message":"n8n.audit.workflow.activated","payload":{"userId":"fcc7e3b1-d7b8-453d-9250-ce7ed5bf518c","_email":"shreypratapsingh.to@outlook.com","_firstName":"shrey","_lastName":"pratap","globalRole":"global:owner","workflowId":"SOPDrUXzg9pm6Fp1","workflowName":"leetcode-notes-authorizer","activeVersionId":"9743567c-dad4-41fd-9ce7-1789de025442"}}
{"__type":"$$EventMessageConfirm","confirm":"d8dd3c99-d98b-4cbb-af57-d871ebd01f19","ts":"2026-04-13T17:19:14.514-04:00","source":{"id":"0","name":"eventBus"}}
{"__type":"$$EventMessageWorkflow","id":"6a8076c7-21bf-47af-8dd1-1b71b6d7c7f0","ts":"2026-04-13T17:20:04.599-04:00","eventName":"n8n.workflow.started","message":"n8n.workflow.started","payload":{"executionId":"1","workflowId":"SOPDrUXzg9pm6Fp1","isManual":false,"mode":"webhook","workflowName":"leetcode-notes-authorizer"}}
{"__type":"$$EventMessageConfirm","confirm":"6a8076c7-21bf-47af-8dd1-1b71b6d7c7f0","ts":"2026-04-13T17:20:04.599-04:00","source":{"id":"0","name":"eventBus"}}
{"__type":"$$EventMessageAudit","id":"b6624e2e-2c41-4b34-bb00-b8453a83f821","ts":"2026-04-13T17:20:04.599-04:00","eventName":"n8n.audit.workflow.executed","message":"n8n.audit.workflow.executed","payload":{"workflowId":"SOPDrUXzg9pm6Fp1","workflowName":"leetcode-notes-authorizer","executionId":"1","source":"webhook"}}
{"__type":"$$EventMessageConfirm","confirm":"b6624e2e-2c41-4b34-bb00-b8453a83f821","ts":"2026-04-13T17:20:04.599-04:00","source":{"id":"0","name":"eventBus"}}
{"__type":"$$EventMessageNode","id":"6fb0b98b-b3bf-4c3c-8198-d72261b24dd8","ts":"2026-04-13T17:20:04.600-04:00","eventName":"n8n.node.started","message":"n8n.node.started","payload":{"workflowId":"SOPDrUXzg9pm6Fp1","workflowName":"leetcode-notes-authorizer","executionId":"1","nodeType":"n8n-nodes-base.webhook","nodeName":"Webhook","nodeId":"95d65bb3-49f6-43d0-9c17-c5230c1a7eb8"}}
{"__type":"$$EventMessageConfirm","confirm":"6fb0b98b-b3bf-4c3c-8198-d72261b24dd8","ts":"2026-04-13T17:20:04.600-04:00","source":{"id":"0","name":"eventBus"}}
{"__type":"$$EventMessageNode","id":"1093d17d-8ac3-4047-9f18-37c331217c86","ts":"2026-04-13T17:20:04.601-04:00","eventName":"n8n.node.finished","message":"n8n.node.finished","payload":{"workflowId":"SOPDrUXzg9pm6Fp1","workflowName":"leetcode-notes-authorizer","executionId":"1","nodeType":"n8n-nodes-base.webhook","nodeName":"Webhook","nodeId":"95d65bb3-49f6-43d0-9c17-c5230c1a7eb8"}}
{"__type":"$$EventMessageConfirm","confirm":"1093d17d-8ac3-4047-9f18-37c331217c86","ts":"2026-04-13T17:20:04.602-04:00","source":{"id":"0","name":"eventBus"}}
{"__type":"$$EventMessageNode","id":"323e7074-ad9d-4b4a-995b-b6343e8a7e2a","ts":"2026-04-13T17:20:04.602-04:00","eventName":"n8n.node.started","message":"n8n.node.started","payload":{"workflowId":"SOPDrUXzg9pm6Fp1","workflowName":"leetcode-notes-authorizer","executionId":"1","nodeType":"n8n-nodes-base.code","nodeName":"extract username1","nodeId":"48da22c5-d68d-4d30-8a2b-12080ad5dc4d"}}
{"__type":"$$EventMessageConfirm","confirm":"323e7074-ad9d-4b4a-995b-b6343e8a7e2a","ts":"2026-04-13T17:20:04.602-04:00","source":{"id":"0","name":"eventBus"}}
{"__type":"$$EventMessageRunner","id":"25da30a4-1a5b-4b9a-8d2b-92d397ba41d3","ts":"2026-04-13T17:20:04.608-04:00","eventName":"n8n.runner.task.requested","message":"n8n.runner.task.requested","payload":{"taskId":"ShWQmFyH","nodeId":"48da22c5-d68d-4d30-8a2b-12080ad5dc4d","workflowId":"SOPDrUXzg9pm6Fp1","executionId":"1"}}
{"__type":"$$EventMessageConfirm","confirm":"25da30a4-1a5b-4b9a-8d2b-92d397ba41d3","ts":"2026-04-13T17:20:04.608-04:00","source":{"id":"0","name":"eventBus"}}
{"__type":"$$EventMessageRunner","id":"ccc35fec-13da-4138-aeea-a389908d562f","ts":"2026-04-13T17:20:04.646-04:00","eventName":"n8n.runner.response.received","message":"n8n.runner.response.received","payload":{"taskId":"ShWQmFyH","nodeId":"48da22c5-d68d-4d30-8a2b-12080ad5dc4d","workflowId":"SOPDrUXzg9pm6Fp1","executionId":"1"}}
{"__type":"$$EventMessageConfirm","confirm":"ccc35fec-13da-4138-aeea-a389908d562f","ts":"2026-04-13T17:20:04.646-04:00","source":{"id":"0","name":"eventBus"}}
{"__type":"$$EventMessageNode","id":"6e40e8c8-ce86-4247-a0a3-aca17abea6ff","ts":"2026-04-13T17:20:04.647-04:00","eventName":"n8n.node.finished","message":"n8n.node.finished","payload":{"workflowId":"SOPDrUXzg9pm6Fp1","workflowName":"leetcode-notes-authorizer","executionId":"1","nodeType":"n8n-nodes-base.code","nodeName":"extract username1","nodeId":"48da22c5-d68d-4d30-8a2b-12080ad5dc4d"}}
{"__type":"$$EventMessageConfirm","confirm":"6e40e8c8-ce86-4247-a0a3-aca17abea6ff","ts":"2026-04-13T17:20:04.647-04:00","source":{"id":"0","name":"eventBus"}}
{"__type":"$$EventMessageNode","id":"d5ee6ec6-93bc-4048-91a0-7369ab449e5a","ts":"2026-04-13T17:20:04.648-04:00","eventName":"n8n.node.started","message":"n8n.node.started","payload":{"workflowId":"SOPDrUXzg9pm6Fp1","workflowName":"leetcode-notes-authorizer","executionId":"1","nodeType":"n8n-nodes-base.github","nodeName":"Get a file1","nodeId":"8a30c70f-aedf-4f54-8fd6-9fd9ca33a4dd"}}
{"__type":"$$EventMessageConfirm","confirm":"d5ee6ec6-93bc-4048-91a0-7369ab449e5a","ts":"2026-04-13T17:20:04.648-04:00","source":{"id":"0","name":"eventBus"}}
{"__type":"$$EventMessageNode","id":"44a6df16-1775-4977-9041-2be56be392c4","ts":"2026-04-13T17:20:05.171-04:00","eventName":"n8n.node.finished","message":"n8n.node.finished","payload":{"workflowId":"SOPDrUXzg9pm6Fp1","workflowName":"leetcode-notes-authorizer","executionId":"1","nodeType":"n8n-nodes-base.github","nodeName":"Get a file1","nodeId":"8a30c70f-aedf-4f54-8fd6-9fd9ca33a4dd"}}
{"__type":"$$EventMessageConfirm","confirm":"44a6df16-1775-4977-9041-2be56be392c4","ts":"2026-04-13T17:20:05.171-04:00","source":{"id":"0","name":"eventBus"}}
{"__type":"$$EventMessageNode","id":"e9a10f33-d61c-499d-aea1-3533d76e542f","ts":"2026-04-13T17:20:05.172-04:00","eventName":"n8n.node.started","message":"n8n.node.started","payload":{"workflowId":"SOPDrUXzg9pm6Fp1","workflowName":"leetcode-notes-authorizer","executionId":"1","nodeType":"n8n-nodes-base.code","nodeName":"check status1","nodeId":"9007ff47-0853-483b-b72f-d1d623707a51"}}
{"__type":"$$EventMessageConfirm","confirm":"e9a10f33-d61c-499d-aea1-3533d76e542f","ts":"2026-04-13T17:20:05.172-04:00","source":{"id":"0","name":"eventBus"}}
{"__type":"$$EventMessageRunner","id":"30667c11-57e3-45e0-94f0-b6c6f63071ac","ts":"2026-04-13T17:20:05.173-04:00","eventName":"n8n.runner.task.requested","message":"n8n.runner.task.requested","payload":{"taskId":"QFLYAzcS","nodeId":"9007ff47-0853-483b-b72f-d1d623707a51","workflowId":"SOPDrUXzg9pm6Fp1","executionId":"1"}}
{"__type":"$$EventMessageConfirm","confirm":"30667c11-57e3-45e0-94f0-b6c6f63071ac","ts":"2026-04-13T17:20:05.173-04:00","source":{"id":"0","name":"eventBus"}}
{"__type":"$$EventMessageRunner","id":"82ac82c6-819f-4c67-9df2-675b447e34e5","ts":"2026-04-13T17:20:05.192-04:00","eventName":"n8n.runner.response.received","message":"n8n.runner.response.received","payload":{"taskId":"QFLYAzcS","nodeId":"9007ff47-0853-483b-b72f-d1d623707a51","workflowId":"SOPDrUXzg9pm6Fp1","executionId":"1"}}
{"__type":"$$EventMessageConfirm","confirm":"82ac82c6-819f-4c67-9df2-675b447e34e5","ts":"2026-04-13T17:20:05.193-04:00","source":{"id":"0","name":"eventBus"}}
{"__type":"$$EventMessageNode","id":"7a5f5ff4-89ac-4905-b1d9-3f252b604976","ts":"2026-04-13T17:20:05.193-04:00","eventName":"n8n.node.finished","message":"n8n.node.finished","payload":{"workflowId":"SOPDrUXzg9pm6Fp1","workflowName":"leetcode-notes-authorizer","executionId":"1","nodeType":"n8n-nodes-base.code","nodeName":"check status1","nodeId":"9007ff47-0853-483b-b72f-d1d623707a51"}}
{"__type":"$$EventMessageConfirm","confirm":"7a5f5ff4-89ac-4905-b1d9-3f252b604976","ts":"2026-04-13T17:20:05.193-04:00","source":{"id":"0","name":"eventBus"}}
{"__type":"$$EventMessageNode","id":"303160b3-1957-43a5-9310-a1aa6e18fb27","ts":"2026-04-13T17:20:05.193-04:00","eventName":"n8n.node.started","message":"n8n.node.started","payload":{"workflowId":"SOPDrUXzg9pm6Fp1","workflowName":"leetcode-notes-authorizer","executionId":"1","nodeType":"n8n-nodes-base.if","nodeName":"If1","nodeId":"94c5d2ff-e472-4551-9b72-0b341b4b3ecc"}}
{"__type":"$$EventMessageConfirm","confirm":"303160b3-1957-43a5-9310-a1aa6e18fb27","ts":"2026-04-13T17:20:05.193-04:00","source":{"id":"0","name":"eventBus"}}
{"__type":"$$EventMessageNode","id":"ced08862-7a82-4b78-9748-569d4b9bf9dc","ts":"2026-04-13T17:20:05.197-04:00","eventName":"n8n.node.finished","message":"n8n.node.finished","payload":{"workflowId":"SOPDrUXzg9pm6Fp1","workflowName":"leetcode-notes-authorizer","executionId":"1","nodeType":"n8n-nodes-base.if","nodeName":"If1","nodeId":"94c5d2ff-e472-4551-9b72-0b341b4b3ecc"}}
{"__type":"$$EventMessageConfirm","confirm":"ced08862-7a82-4b78-9748-569d4b9bf9dc","ts":"2026-04-13T17:20:05.197-04:00","source":{"id":"0","name":"eventBus"}}
{"__type":"$$EventMessageNode","id":"b990e534-0313-4d4a-879c-d4fb0a148dfb","ts":"2026-04-13T17:20:05.197-04:00","eventName":"n8n.node.started","message":"n8n.node.started","payload":{"workflowId":"SOPDrUXzg9pm6Fp1","workflowName":"leetcode-notes-authorizer","executionId":"1","nodeType":"n8n-nodes-base.respondToWebhook","nodeName":"Respond to Webhook2","nodeId":"673f53d8-d130-47f3-9dd6-196d11542ebe"}}
{"__type":"$$EventMessageConfirm","confirm":"b990e534-0313-4d4a-879c-d4fb0a148dfb","ts":"2026-04-13T17:20:05.197-04:00","source":{"id":"0","name":"eventBus"}}
{"__type":"$$EventMessageNode","id":"a8aeb50c-17fe-4129-8d9a-27744defee77","ts":"2026-04-13T17:20:05.214-04:00","eventName":"n8n.node.finished","message":"n8n.node.finished","payload":{"workflowId":"SOPDrUXzg9pm6Fp1","workflowName":"leetcode-notes-authorizer","executionId":"1","nodeType":"n8n-nodes-base.respondToWebhook","nodeName":"Respond to Webhook2","nodeId":"673f53d8-d130-47f3-9dd6-196d11542ebe"}}
{"__type":"$$EventMessageConfirm","confirm":"a8aeb50c-17fe-4129-8d9a-27744defee77","ts":"2026-04-13T17:20:05.215-04:00","source":{"id":"0","name":"eventBus"}}
{"__type":"$$EventMessageNode","id":"54cce2e6-15ef-4771-94c9-d32a1235dce8","ts":"2026-04-13T17:20:05.215-04:00","eventName":"n8n.node.started","message":"n8n.node.started","payload":{"workflowId":"SOPDrUXzg9pm6Fp1","workflowName":"leetcode-notes-authorizer","executionId":"1","nodeType":"n8n-nodes-base.executeWorkflow","nodeName":"Call 'leetcode-notes-main'","nodeId":"a6ca5f61-331a-4b43-9a99-f0a1c9326b18"}}
{"__type":"$$EventMessageConfirm","confirm":"54cce2e6-15ef-4771-94c9-d32a1235dce8","ts":"2026-04-13T17:20:05.215-04:00","source":{"id":"0","name":"eventBus"}}
{"__type":"$$EventMessageAudit","id":"4b591167-b46d-4733-ae9b-b6513269e50f","ts":"2026-04-13T17:20:05.242-04:00","eventName":"n8n.audit.workflow.executed","message":"n8n.audit.workflow.executed","payload":{"workflowId":"5W1RTYk42GHSHGb7","workflowName":"leetcode-notes-main","executionId":"2","source":"integrated"}}
{"__type":"$$EventMessageConfirm","confirm":"4b591167-b46d-4733-ae9b-b6513269e50f","ts":"2026-04-13T17:20:05.242-04:00","source":{"id":"0","name":"eventBus"}}
{"__type":"$$EventMessageWorkflow","id":"7c9fe50f-5e5c-4f04-8e46-e6fc4045b34f","ts":"2026-04-13T17:20:05.253-04:00","eventName":"n8n.workflow.started","message":"n8n.workflow.started","payload":{"executionId":"2","workflowId":"5W1RTYk42GHSHGb7","isManual":false,"mode":"integrated","workflowName":"leetcode-notes-main"}}
{"__type":"$$EventMessageConfirm","confirm":"7c9fe50f-5e5c-4f04-8e46-e6fc4045b34f","ts":"2026-04-13T17:20:05.253-04:00","source":{"id":"0","name":"eventBus"}}
{"__type":"$$EventMessageNode","id":"1e8fa6c2-6e7a-4281-9f62-acafdfddd354","ts":"2026-04-13T17:20:05.253-04:00","eventName":"n8n.node.started","message":"n8n.node.started","payload":{"workflowId":"5W1RTYk42GHSHGb7","workflowName":"leetcode-notes-main","executionId":"2","nodeType":"n8n-nodes-base.executeWorkflowTrigger","nodeName":"When Executed by Another Workflow","nodeId":"e6fd35b1-4900-48c3-9523-350538d4c19f"}}
{"__type":"$$EventMessageConfirm","confirm":"1e8fa6c2-6e7a-4281-9f62-acafdfddd354","ts":"2026-04-13T17:20:05.254-04:00","source":{"id":"0","name":"eventBus"}}
{"__type":"$$EventMessageNode","id":"c2a4f4ae-3843-4b89-be96-23858e4d369b","ts":"2026-04-13T17:20:05.255-04:00","eventName":"n8n.node.finished","message":"n8n.node.finished","payload":{"workflowId":"5W1RTYk42GHSHGb7","workflowName":"leetcode-notes-main","executionId":"2","nodeType":"n8n-nodes-base.executeWorkflowTrigger","nodeName":"When Executed by Another Workflow","nodeId":"e6fd35b1-4900-48c3-9523-350538d4c19f"}}
{"__type":"$$EventMessageConfirm","confirm":"c2a4f4ae-3843-4b89-be96-23858e4d369b","ts":"2026-04-13T17:20:05.255-04:00","source":{"id":"0","name":"eventBus"}}
{"__type":"$$EventMessageNode","id":"8bfaf904-91f6-4370-905b-0dca0cbd8bae","ts":"2026-04-13T17:20:05.255-04:00","eventName":"n8n.node.started","message":"n8n.node.started","payload":{"workflowId":"5W1RTYk42GHSHGb7","workflowName":"leetcode-notes-main","executionId":"2","nodeType":"n8n-nodes-base.github","nodeName":"Get a file1","nodeId":"4402893a-45df-47c9-b6a4-faa2a02fc546"}}
{"__type":"$$EventMessageConfirm","confirm":"8bfaf904-91f6-4370-905b-0dca0cbd8bae","ts":"2026-04-13T17:20:05.255-04:00","source":{"id":"0","name":"eventBus"}}
{"__type":"$$EventMessageNode","id":"6e9bce27-68ef-4994-a932-0f0f10eea47a","ts":"2026-04-13T17:20:05.689-04:00","eventName":"n8n.node.finished","message":"n8n.node.finished","payload":{"workflowId":"5W1RTYk42GHSHGb7","workflowName":"leetcode-notes-main","executionId":"2","nodeType":"n8n-nodes-base.github","nodeName":"Get a file1","nodeId":"4402893a-45df-47c9-b6a4-faa2a02fc546"}}
{"__type":"$$EventMessageConfirm","confirm":"6e9bce27-68ef-4994-a932-0f0f10eea47a","ts":"2026-04-13T17:20:05.690-04:00","source":{"id":"0","name":"eventBus"}}
{"__type":"$$EventMessageNode","id":"639c0ad9-7587-4760-8291-c12c979149fd","ts":"2026-04-13T17:20:05.690-04:00","eventName":"n8n.node.started","message":"n8n.node.started","payload":{"workflowId":"5W1RTYk42GHSHGb7","workflowName":"leetcode-notes-main","executionId":"2","nodeType":"n8n-nodes-base.code","nodeName":"decode Base64","nodeId":"24fd7398-95d9-4b08-af4e-3d4479d3a3f3"}}
{"__type":"$$EventMessageConfirm","confirm":"639c0ad9-7587-4760-8291-c12c979149fd","ts":"2026-04-13T17:20:05.690-04:00","source":{"id":"0","name":"eventBus"}}
{"__type":"$$EventMessageRunner","id":"e9379a1d-d951-453e-92b2-bee6d8011927","ts":"2026-04-13T17:20:05.691-04:00","eventName":"n8n.runner.task.requested","message":"n8n.runner.task.requested","payload":{"taskId":"BeLA8qKb","nodeId":"24fd7398-95d9-4b08-af4e-3d4479d3a3f3","workflowId":"5W1RTYk42GHSHGb7","executionId":"2"}}
{"__type":"$$EventMessageConfirm","confirm":"e9379a1d-d951-453e-92b2-bee6d8011927","ts":"2026-04-13T17:20:05.691-04:00","source":{"id":"0","name":"eventBus"}}
{"__type":"$$EventMessageRunner","id":"8f315bdc-03a9-4e8b-85e9-679d5a64e257","ts":"2026-04-13T17:20:05.710-04:00","eventName":"n8n.runner.response.received","message":"n8n.runner.response.received","payload":{"taskId":"BeLA8qKb","nodeId":"24fd7398-95d9-4b08-af4e-3d4479d3a3f3","workflowId":"5W1RTYk42GHSHGb7","executionId":"2"}}
{"__type":"$$EventMessageConfirm","confirm":"8f315bdc-03a9-4e8b-85e9-679d5a64e257","ts":"2026-04-13T17:20:05.711-04:00","source":{"id":"0","name":"eventBus"}}
{"__type":"$$EventMessageNode","id":"5caf334d-f4af-4cf3-be8a-41657dcbcf0c","ts":"2026-04-13T17:20:05.711-04:00","eventName":"n8n.node.finished","message":"n8n.node.finished","payload":{"workflowId":"5W1RTYk42GHSHGb7","workflowName":"leetcode-notes-main","executionId":"2","nodeType":"n8n-nodes-base.code","nodeName":"decode Base64","nodeId":"24fd7398-95d9-4b08-af4e-3d4479d3a3f3"}}
{"__type":"$$EventMessageConfirm","confirm":"5caf334d-f4af-4cf3-be8a-41657dcbcf0c","ts":"2026-04-13T17:20:05.711-04:00","source":{"id":"0","name":"eventBus"}}
{"__type":"$$EventMessageNode","id":"b10d92ce-c33f-4be4-bf77-777d4c9800bc","ts":"2026-04-13T17:20:05.711-04:00","eventName":"n8n.node.started","message":"n8n.node.started","payload":{"workflowId":"5W1RTYk42GHSHGb7","workflowName":"leetcode-notes-main","executionId":"2","nodeType":"n8n-nodes-base.code","nodeName":"split-per-user1","nodeId":"0f3f958e-eed5-4cc6-9fab-30e14fe6b7df"}}
{"__type":"$$EventMessageConfirm","confirm":"b10d92ce-c33f-4be4-bf77-777d4c9800bc","ts":"2026-04-13T17:20:05.711-04:00","source":{"id":"0","name":"eventBus"}}
{"__type":"$$EventMessageRunner","id":"cf80b7ff-f165-4e8b-925e-c900e040ad99","ts":"2026-04-13T17:20:05.712-04:00","eventName":"n8n.runner.task.requested","message":"n8n.runner.task.requested","payload":{"taskId":"5eZZ_r_t","nodeId":"0f3f958e-eed5-4cc6-9fab-30e14fe6b7df","workflowId":"5W1RTYk42GHSHGb7","executionId":"2"}}
{"__type":"$$EventMessageConfirm","confirm":"cf80b7ff-f165-4e8b-925e-c900e040ad99","ts":"2026-04-13T17:20:05.713-04:00","source":{"id":"0","name":"eventBus"}}
{"__type":"$$EventMessageRunner","id":"9bd03dfe-c8d8-4296-9803-c5c7a459cd11","ts":"2026-04-13T17:20:05.724-04:00","eventName":"n8n.runner.response.received","message":"n8n.runner.response.received","payload":{"taskId":"5eZZ_r_t","nodeId":"0f3f958e-eed5-4cc6-9fab-30e14fe6b7df","workflowId":"5W1RTYk42GHSHGb7","executionId":"2"}}
{"__type":"$$EventMessageConfirm","confirm":"9bd03dfe-c8d8-4296-9803-c5c7a459cd11","ts":"2026-04-13T17:20:05.724-04:00","source":{"id":"0","name":"eventBus"}}
{"__type":"$$EventMessageNode","id":"71e77516-1023-489c-8228-89aee1433b96","ts":"2026-04-13T17:20:05.725-04:00","eventName":"n8n.node.finished","message":"n8n.node.finished","payload":{"workflowId":"5W1RTYk42GHSHGb7","workflowName":"leetcode-notes-main","executionId":"2","nodeType":"n8n-nodes-base.code","nodeName":"split-per-user1","nodeId":"0f3f958e-eed5-4cc6-9fab-30e14fe6b7df"}}
{"__type":"$$EventMessageConfirm","confirm":"71e77516-1023-489c-8228-89aee1433b96","ts":"2026-04-13T17:20:05.725-04:00","source":{"id":"0","name":"eventBus"}}
{"__type":"$$EventMessageNode","id":"c9a814cc-205d-4982-a9c0-c4a3b3acb59d","ts":"2026-04-13T17:20:05.726-04:00","eventName":"n8n.node.started","message":"n8n.node.started","payload":{"workflowId":"5W1RTYk42GHSHGb7","workflowName":"leetcode-notes-main","executionId":"2","nodeType":"n8n-nodes-base.httpRequest","nodeName":"graphql-recentAC1","nodeId":"da0d383d-8c95-45e2-9ff8-8126ea22d8be"}}
{"__type":"$$EventMessageConfirm","confirm":"c9a814cc-205d-4982-a9c0-c4a3b3acb59d","ts":"2026-04-13T17:20:05.726-04:00","source":{"id":"0","name":"eventBus"}}
{"__type":"$$EventMessageNode","id":"d774388b-6c75-4879-a0a1-5529f2ec7beb","ts":"2026-04-13T17:20:06.637-04:00","eventName":"n8n.node.finished","message":"n8n.node.finished","payload":{"workflowId":"5W1RTYk42GHSHGb7","workflowName":"leetcode-notes-main","executionId":"2","nodeType":"n8n-nodes-base.httpRequest","nodeName":"graphql-recentAC1","nodeId":"da0d383d-8c95-45e2-9ff8-8126ea22d8be"}}
{"__type":"$$EventMessageConfirm","confirm":"d774388b-6c75-4879-a0a1-5529f2ec7beb","ts":"2026-04-13T17:20:06.638-04:00","source":{"id":"0","name":"eventBus"}}
{"__type":"$$EventMessageNode","id":"cc30138e-51e1-45ae-9156-4ea959d380f0","ts":"2026-04-13T17:20:06.638-04:00","eventName":"n8n.node.started","message":"n8n.node.started","payload":{"workflowId":"5W1RTYk42GHSHGb7","workflowName":"leetcode-notes-main","executionId":"2","nodeType":"n8n-nodes-base.filter","nodeName":"Filter1","nodeId":"faf1f163-3f79-4aef-be68-709952aadda6"}}
{"__type":"$$EventMessageConfirm","confirm":"cc30138e-51e1-45ae-9156-4ea959d380f0","ts":"2026-04-13T17:20:06.638-04:00","source":{"id":"0","name":"eventBus"}}
{"__type":"$$EventMessageNode","id":"3c295d80-4f7c-49a2-82ce-1cc9f7cc6479","ts":"2026-04-13T17:20:06.645-04:00","eventName":"n8n.node.finished","message":"n8n.node.finished","payload":{"workflowId":"5W1RTYk42GHSHGb7","workflowName":"leetcode-notes-main","executionId":"2","nodeType":"n8n-nodes-base.filter","nodeName":"Filter1","nodeId":"faf1f163-3f79-4aef-be68-709952aadda6"}}
{"__type":"$$EventMessageConfirm","confirm":"3c295d80-4f7c-49a2-82ce-1cc9f7cc6479","ts":"2026-04-13T17:20:06.645-04:00","source":{"id":"0","name":"eventBus"}}
{"__type":"$$EventMessageNode","id":"dca12c49-93db-4ae2-bab7-49be80e2ae3b","ts":"2026-04-13T17:20:06.645-04:00","eventName":"n8n.node.started","message":"n8n.node.started","payload":{"workflowId":"5W1RTYk42GHSHGb7","workflowName":"leetcode-notes-main","executionId":"2","nodeType":"n8n-nodes-base.code","nodeName":"filter-by-hour1","nodeId":"ddda32fc-879a-49fd-bff9-f684bc3c335f"}}
{"__type":"$$EventMessageConfirm","confirm":"dca12c49-93db-4ae2-bab7-49be80e2ae3b","ts":"2026-04-13T17:20:06.645-04:00","source":{"id":"0","name":"eventBus"}}
{"__type":"$$EventMessageRunner","id":"65171d73-13e9-42d6-a7e9-cc5f1a0bb62c","ts":"2026-04-13T17:20:06.646-04:00","eventName":"n8n.runner.task.requested","message":"n8n.runner.task.requested","payload":{"taskId":"baILhOsY","nodeId":"ddda32fc-879a-49fd-bff9-f684bc3c335f","workflowId":"5W1RTYk42GHSHGb7","executionId":"2"}}
{"__type":"$$EventMessageConfirm","confirm":"65171d73-13e9-42d6-a7e9-cc5f1a0bb62c","ts":"2026-04-13T17:20:06.646-04:00","source":{"id":"0","name":"eventBus"}}
{"__type":"$$EventMessageRunner","id":"4c1f4ac0-df00-4527-bd7c-dfe8630c0736","ts":"2026-04-13T17:20:06.658-04:00","eventName":"n8n.runner.response.received","message":"n8n.runner.response.received","payload":{"taskId":"baILhOsY","nodeId":"ddda32fc-879a-49fd-bff9-f684bc3c335f","workflowId":"5W1RTYk42GHSHGb7","executionId":"2"}}
{"__type":"$$EventMessageConfirm","confirm":"4c1f4ac0-df00-4527-bd7c-dfe8630c0736","ts":"2026-04-13T17:20:06.658-04:00","source":{"id":"0","name":"eventBus"}}
{"__type":"$$EventMessageNode","id":"cf95c087-9fa0-4abd-ac57-f5009d577cbe","ts":"2026-04-13T17:20:06.659-04:00","eventName":"n8n.node.finished","message":"n8n.node.finished","payload":{"workflowId":"5W1RTYk42GHSHGb7","workflowName":"leetcode-notes-main","executionId":"2","nodeType":"n8n-nodes-base.code","nodeName":"filter-by-hour1","nodeId":"ddda32fc-879a-49fd-bff9-f684bc3c335f"}}
{"__type":"$$EventMessageConfirm","confirm":"cf95c087-9fa0-4abd-ac57-f5009d577cbe","ts":"2026-04-13T17:20:06.659-04:00","source":{"id":"0","name":"eventBus"}}
{"__type":"$$EventMessageNode","id":"eb05fe74-5343-4779-bde5-9d4c231c7b5a","ts":"2026-04-13T17:20:06.659-04:00","eventName":"n8n.node.started","message":"n8n.node.started","payload":{"workflowId":"5W1RTYk42GHSHGb7","workflowName":"leetcode-notes-main","executionId":"2","nodeType":"n8n-nodes-base.code","nodeName":"add-metadata1","nodeId":"e214777f-d048-4a3c-bd56-5b9a940bd1ce"}}
{"__type":"$$EventMessageConfirm","confirm":"eb05fe74-5343-4779-bde5-9d4c231c7b5a","ts":"2026-04-13T17:20:06.659-04:00","source":{"id":"0","name":"eventBus"}}
{"__type":"$$EventMessageRunner","id":"50897745-4a01-4464-8b97-123a7b17ca23","ts":"2026-04-13T17:20:06.660-04:00","eventName":"n8n.runner.task.requested","message":"n8n.runner.task.requested","payload":{"taskId":"Z9Om5mAC","nodeId":"e214777f-d048-4a3c-bd56-5b9a940bd1ce","workflowId":"5W1RTYk42GHSHGb7","executionId":"2"}}
{"__type":"$$EventMessageConfirm","confirm":"50897745-4a01-4464-8b97-123a7b17ca23","ts":"2026-04-13T17:20:06.660-04:00","source":{"id":"0","name":"eventBus"}}
{"__type":"$$EventMessageRunner","id":"de543970-a22a-494e-9ff5-b5bd49f4a7c4","ts":"2026-04-13T17:20:06.667-04:00","eventName":"n8n.runner.response.received","message":"n8n.runner.response.received","payload":{"taskId":"Z9Om5mAC","nodeId":"e214777f-d048-4a3c-bd56-5b9a940bd1ce","workflowId":"5W1RTYk42GHSHGb7","executionId":"2"}}
{"__type":"$$EventMessageConfirm","confirm":"de543970-a22a-494e-9ff5-b5bd49f4a7c4","ts":"2026-04-13T17:20:06.667-04:00","source":{"id":"0","name":"eventBus"}}
{"__type":"$$EventMessageNode","id":"9409cab0-ebd5-44ef-a46e-9252f40c88c0","ts":"2026-04-13T17:20:06.668-04:00","eventName":"n8n.node.finished","message":"n8n.node.finished","payload":{"workflowId":"5W1RTYk42GHSHGb7","workflowName":"leetcode-notes-main","executionId":"2","nodeType":"n8n-nodes-base.code","nodeName":"add-metadata1","nodeId":"e214777f-d048-4a3c-bd56-5b9a940bd1ce"}}
{"__type":"$$EventMessageConfirm","confirm":"9409cab0-ebd5-44ef-a46e-9252f40c88c0","ts":"2026-04-13T17:20:06.668-04:00","source":{"id":"0","name":"eventBus"}}
{"__type":"$$EventMessageNode","id":"730afdad-04a4-4140-b7e0-12ab45358eef","ts":"2026-04-13T17:20:06.668-04:00","eventName":"n8n.node.started","message":"n8n.node.started","payload":{"workflowId":"5W1RTYk42GHSHGb7","workflowName":"leetcode-notes-main","executionId":"2","nodeType":"n8n-nodes-base.httpRequest","nodeName":"graphql-RecentCode1","nodeId":"08b68a3a-d21a-48a6-8801-0035b60ab7a6"}}
{"__type":"$$EventMessageConfirm","confirm":"730afdad-04a4-4140-b7e0-12ab45358eef","ts":"2026-04-13T17:20:06.668-04:00","source":{"id":"0","name":"eventBus"}}
{"__type":"$$EventMessageNode","id":"17746b77-1c25-43f4-9d41-469e0bc48a4c","ts":"2026-04-13T17:20:07.097-04:00","eventName":"n8n.node.finished","message":"n8n.node.finished","payload":{"workflowId":"5W1RTYk42GHSHGb7","workflowName":"leetcode-notes-main","executionId":"2","nodeType":"n8n-nodes-base.httpRequest","nodeName":"graphql-RecentCode1","nodeId":"08b68a3a-d21a-48a6-8801-0035b60ab7a6"}}
{"__type":"$$EventMessageConfirm","confirm":"17746b77-1c25-43f4-9d41-469e0bc48a4c","ts":"2026-04-13T17:20:07.098-04:00","source":{"id":"0","name":"eventBus"}}
{"__type":"$$EventMessageWorkflow","id":"ce45af01-6758-4feb-9cee-585cad041b9e","ts":"2026-04-13T17:20:07.099-04:00","eventName":"n8n.workflow.failed","message":"n8n.workflow.failed","payload":{"executionId":"2","success":false,"isManual":false,"mode":"integrated","workflowId":"5W1RTYk42GHSHGb7","workflowName":"leetcode-notes-main","lastNodeExecuted":"graphql-RecentCode1","errorNodeType":"n8n-nodes-base.httpRequest","errorMessage":"Bad request - please check your parameters"}}
{"__type":"$$EventMessageConfirm","confirm":"ce45af01-6758-4feb-9cee-585cad041b9e","ts":"2026-04-13T17:20:07.099-04:00","source":{"id":"0","name":"eventBus"}}
{"__type":"$$EventMessageNode","id":"90491d1e-2f81-4ca6-b910-13aeb72106b2","ts":"2026-04-13T17:20:07.118-04:00","eventName":"n8n.node.finished","message":"n8n.node.finished","payload":{"workflowId":"SOPDrUXzg9pm6Fp1","workflowName":"leetcode-notes-authorizer","executionId":"1","nodeType":"n8n-nodes-base.executeWorkflow","nodeName":"Call 'leetcode-notes-main'","nodeId":"a6ca5f61-331a-4b43-9a99-f0a1c9326b18"}}
{"__type":"$$EventMessageConfirm","confirm":"90491d1e-2f81-4ca6-b910-13aeb72106b2","ts":"2026-04-13T17:20:07.118-04:00","source":{"id":"0","name":"eventBus"}}
{"__type":"$$EventMessageWorkflow","id":"09b8126c-5637-4e42-bf96-a23a6f118750","ts":"2026-04-13T17:20:07.119-04:00","eventName":"n8n.workflow.failed","message":"n8n.workflow.failed","payload":{"executionId":"1","success":false,"isManual":false,"mode":"webhook","workflowId":"SOPDrUXzg9pm6Fp1","workflowName":"leetcode-notes-authorizer","lastNodeExecuted":"Call 'leetcode-notes-main'","errorNodeType":"n8n-nodes-base.httpRequest","errorMessage":"Bad request - please check your parameters"}}
{"__type":"$$EventMessageConfirm","confirm":"09b8126c-5637-4e42-bf96-a23a6f118750","ts":"2026-04-13T17:20:07.119-04:00","source":{"id":"0","name":"eventBus"}}
{"__type":"$$EventMessageAudit","id":"69d51bfd-0db0-430e-a563-1de566368c36","ts":"2026-04-13T17:27:00.550-04:00","eventName":"n8n.audit.workflow.updated","message":"n8n.audit.workflow.updated","payload":{"userId":"fcc7e3b1-d7b8-453d-9250-ce7ed5bf518c","_email":"shreypratapsingh.to@outlook.com","_firstName":"shrey","_lastName":"pratap","globalRole":"global:owner","workflowId":"5W1RTYk42GHSHGb7","workflowName":"leetcode-notes-main"}}
{"__type":"$$EventMessageConfirm","confirm":"69d51bfd-0db0-430e-a563-1de566368c36","ts":"2026-04-13T17:27:00.550-04:00","source":{"id":"0","name":"eventBus"}}
{"__type":"$$EventMessageAudit","id":"b5e601a9-2629-479f-bf8d-15aba93afd2e","ts":"2026-04-13T17:27:07.182-04:00","eventName":"n8n.audit.workflow.updated","message":"n8n.audit.workflow.updated","payload":{"userId":"fcc7e3b1-d7b8-453d-9250-ce7ed5bf518c","_email":"shreypratapsingh.to@outlook.com","_firstName":"shrey","_lastName":"pratap","globalRole":"global:owner","workflowId":"5W1RTYk42GHSHGb7","workflowName":"leetcode-notes-main"}}
{"__type":"$$EventMessageConfirm","confirm":"b5e601a9-2629-479f-bf8d-15aba93afd2e","ts":"2026-04-13T17:27:07.183-04:00","source":{"id":"0","name":"eventBus"}}
